This is pdfTeX, Version 3.14159265-2.6-1.40.16 (TeX Live 2015) (preloaded format=pdflatex 2015.9.29)  2 OCT 2015 09:49
entering extended mode
 restricted \write18 enabled.
 file:line:error style messages enabled.
 %&-line parsing enabled.
**manuscript.tex
(./manuscript.tex
LaTeX2e <2015/01/01>
Babel <3.9l> and hyphenation patterns for 79 languages loaded.
(/usr/local/texlive/2015/texmf-dist/tex/latex/apa6/apa6.cls
Document Class: apa6 2014/11/20 v2.14 APA formatting (6th edition)
(/usr/local/texlive/2015/texmf-dist/tex/latex/base/article.cls
Document Class: article 2014/09/29 v1.4h Standard LaTeX document class
(/usr/local/texlive/2015/texmf-dist/tex/latex/base/size11.clo
File: size11.clo 2014/09/29 v1.4h Standard LaTeX file (size option)
)
\c@part=\count79
\c@section=\count80
\c@subsection=\count81
\c@subsubsection=\count82
\c@paragraph=\count83
\c@subparagraph=\count84
\c@figure=\count85
\c@table=\count86
\abovecaptionskip=\skip41
\belowcaptionskip=\skip42
\bibindent=\dimen102
) (/usr/local/texlive/2015/texmf-dist/tex/latex/etoolbox/etoolbox.sty
Package: etoolbox 2015/05/04 v2.2 e-TeX tools for LaTeX (JAW)
\etb@tempcnta=\count87
)
Class apa6 Info: No bibliography package was specified; defaulting to (but not loading) Biblatex on input line 213.
 (/usr/local/texlive/2015/texmf-dist/tex/latex/lm/lmodern.sty
Package: lmodern 2009/10/30 v1.6 Latin Modern Fonts
LaTeX Font Info:    Overwriting symbol font `operators' in version `normal'
(Font)                  OT1/cmr/m/n --> OT1/lmr/m/n on input line 22.
LaTeX Font Info:    Overwriting symbol font `letters' in version `normal'
(Font)                  OML/cmm/m/it --> OML/lmm/m/it on input line 23.
LaTeX Font Info:    Overwriting symbol font `symbols' in version `normal'
(Font)                  OMS/cmsy/m/n --> OMS/lmsy/m/n on input line 24.
LaTeX Font Info:    Overwriting symbol font `largesymbols' in version `normal'
(Font)                  OMX/cmex/m/n --> OMX/lmex/m/n on input line 25.
LaTeX Font Info:    Overwriting symbol font `operators' in version `bold'
(Font)                  OT1/cmr/bx/n --> OT1/lmr/bx/n on input line 26.
LaTeX Font Info:    Overwriting symbol font `letters' in version `bold'
(Font)                  OML/cmm/b/it --> OML/lmm/b/it on input line 27.
LaTeX Font Info:    Overwriting symbol font `symbols' in version `bold'
(Font)                  OMS/cmsy/b/n --> OMS/lmsy/b/n on input line 28.
LaTeX Font Info:    Overwriting symbol font `largesymbols' in version `bold'
(Font)                  OMX/cmex/m/n --> OMX/lmex/m/n on input line 29.
LaTeX Font Info:    Overwriting math alphabet `\mathbf' in version `normal'
(Font)                  OT1/cmr/bx/n --> OT1/lmr/bx/n on input line 31.
LaTeX Font Info:    Overwriting math alphabet `\mathsf' in version `normal'
(Font)                  OT1/cmss/m/n --> OT1/lmss/m/n on input line 32.
LaTeX Font Info:    Overwriting math alphabet `\mathit' in version `normal'
(Font)                  OT1/cmr/m/it --> OT1/lmr/m/it on input line 33.
LaTeX Font Info:    Overwriting math alphabet `\mathtt' in version `normal'
(Font)                  OT1/cmtt/m/n --> OT1/lmtt/m/n on input line 34.
LaTeX Font Info:    Overwriting math alphabet `\mathbf' in version `bold'
(Font)                  OT1/cmr/bx/n --> OT1/lmr/bx/n on input line 35.
LaTeX Font Info:    Overwriting math alphabet `\mathsf' in version `bold'
(Font)                  OT1/cmss/bx/n --> OT1/lmss/bx/n on input line 36.
LaTeX Font Info:    Overwriting math alphabet `\mathit' in version `bold'
(Font)                  OT1/cmr/bx/it --> OT1/lmr/bx/it on input line 37.
LaTeX Font Info:    Overwriting math alphabet `\mathtt' in version `bold'
(Font)                  OT1/cmtt/m/n --> OT1/lmtt/m/n on input line 38.
) (/usr/local/texlive/2015/texmf-dist/tex/latex/base/fontenc.sty
Package: fontenc 2005/09/27 v1.99g Standard LaTeX package
 (/usr/local/texlive/2015/texmf-dist/tex/latex/base/t1enc.def
File: t1enc.def 2005/09/27 v1.99g Standard LaTeX file
LaTeX Font Info:    Redeclaring font encoding T1 on input line 48.
)) (/usr/local/texlive/2015/texmf-dist/tex/latex/geometry/geometry.sty
Package: geometry 2010/09/12 v5.6 Page Geometry
 (/usr/local/texlive/2015/texmf-dist/tex/latex/graphics/keyval.sty
Package: keyval 2014/10/28 v1.15 key=value parser (DPC)
\KV@toks@=\toks14
) (/usr/local/texlive/2015/texmf-dist/tex/generic/oberdiek/ifpdf.sty
Package: ifpdf 2011/01/30 v2.3 Provides the ifpdf switch (HO)
Package ifpdf Info: pdfTeX in PDF mode is detected.
) (/usr/local/texlive/2015/texmf-dist/tex/generic/oberdiek/ifvtex.sty
Package: ifvtex 2010/03/01 v1.5 Detect VTeX and its facilities (HO)
Package ifvtex Info: VTeX not detected.
) (/usr/local/texlive/2015/texmf-dist/tex/generic/ifxetex/ifxetex.sty
Package: ifxetex 2010/09/12 v0.6 Provides ifxetex conditional
)
\Gm@cnth=\count88
\Gm@cntv=\count89
\c@Gm@tempcnt=\count90
\Gm@bindingoffset=\dimen103
\Gm@wd@mp=\dimen104
\Gm@odd@mp=\dimen105
\Gm@even@mp=\dimen106
\Gm@layoutwidth=\dimen107
\Gm@layoutheight=\dimen108
\Gm@layouthoffset=\dimen109
\Gm@layoutvoffset=\dimen110
\Gm@dimlist=\toks15
) (/usr/local/texlive/2015/texmf-dist/tex/latex/graphics/graphicx.sty
Package: graphicx 2014/10/28 v1.0g Enhanced LaTeX Graphics (DPC,SPQR)
 (/usr/local/texlive/2015/texmf-dist/tex/latex/graphics/graphics.sty
Package: graphics 2014/10/28 v1.0p Standard LaTeX Graphics (DPC,SPQR)
 (/usr/local/texlive/2015/texmf-dist/tex/latex/graphics/trig.sty
Package: trig 1999/03/16 v1.09 sin cos tan (DPC)
) (/usr/local/texlive/2015/texmf-dist/tex/latex/latexconfig/graphics.cfg
File: graphics.cfg 2010/04/23 v1.9 graphics configuration of TeX Live
)
Package graphics Info: Driver file: pdftex.def on input line 94.
 (/usr/local/texlive/2015/texmf-dist/tex/latex/pdftex-def/pdftex.def
File: pdftex.def 2011/05/27 v0.06d Graphics/color for pdfTeX
 (/usr/local/texlive/2015/texmf-dist/tex/generic/oberdiek/infwarerr.sty
Package: infwarerr 2010/04/08 v1.3 Providing info/warning/error messages (HO)
) (/usr/local/texlive/2015/texmf-dist/tex/generic/oberdiek/ltxcmds.sty
Package: ltxcmds 2011/11/09 v1.22 LaTeX kernel commands for general use (HO)
)
\Gread@gobject=\count91
))
\Gin@req@height=\dimen111
\Gin@req@width=\dimen112
) (/usr/local/texlive/2015/texmf-dist/tex/latex/booktabs/booktabs.sty
Package: booktabs 2005/04/14 v1.61803 publication quality tables
\heavyrulewidth=\dimen113
\lightrulewidth=\dimen114
\cmidrulewidth=\dimen115
\belowrulesep=\dimen116
\belowbottomsep=\dimen117
\aboverulesep=\dimen118
\abovetopsep=\dimen119
\cmidrulesep=\dimen120
\cmidrulekern=\dimen121
\defaultaddspace=\dimen122
\@cmidla=\count92
\@cmidlb=\count93
\@aboverulesep=\dimen123
\@belowrulesep=\dimen124
\@thisruleclass=\count94
\@lastruleclass=\count95
\@thisrulewidth=\dimen125
) (/usr/local/texlive/2015/texmf-dist/tex/latex/threeparttable/threeparttable.sty
Package: threeparttable 2003/06/13  v 3.0
\@tempboxb=\box26
)
\b@level@one@skip=\skip43
\e@level@one@skip=\skip44
\b@level@two@skip=\skip45
\e@level@two@skip=\skip46
\b@level@three@skip=\skip47
\e@level@three@skip=\skip48
\b@level@four@skip=\skip49
\e@level@four@skip=\skip50
\b@level@five@skip=\skip51
\e@level@five@skip=\skip52
 (/usr/local/texlive/2015/texmf-dist/tex/latex/caption/caption.sty
Package: caption 2013/05/02 v3.3-89 Customizing captions (AR)
 (/usr/local/texlive/2015/texmf-dist/tex/latex/caption/caption3.sty
Package: caption3 2013/05/02 v1.6-88 caption3 kernel (AR)
Package caption3 Info: TeX engine: e-TeX on input line 57.
\captionmargin=\dimen126
\captionmargin@=\dimen127
\captionwidth=\dimen128
\caption@tempdima=\dimen129
\caption@indent=\dimen130
\caption@parindent=\dimen131
\caption@hangindent=\dimen132
)
\c@ContinuedFloat=\count96
Package caption Info: threeparttable package is loaded.
)
\c@APAenum=\count97
\@text@par@indent=\skip53
\gr@box=\box27
\gr@boxwidth=\skip54
\gr@boxheight=\skip55
 (/usr/local/texlive/2015/texmf-dist/tex/latex/tools/bm.sty
Package: bm 2014/10/28 v1.1c Bold Symbol Support (DPC/FMi)
\symboldoperators=\mathgroup4
\symboldletters=\mathgroup5
\symboldsymbols=\mathgroup6
LaTeX Font Info:    Redeclaring math alphabet \mathbf on input line 141.
LaTeX Info: Redefining \bm on input line 207.
)
\c@appendix=\count98
 (/usr/local/texlive/2015/texmf-dist/tex/latex/fancyhdr/fancyhdr.sty
\fancy@headwidth=\skip56
\f@ncyO@elh=\skip57
\f@ncyO@erh=\skip58
\f@ncyO@olh=\skip59
\f@ncyO@orh=\skip60
\f@ncyO@elf=\skip61
\f@ncyO@erf=\skip62
\f@ncyO@olf=\skip63
\f@ncyO@orf=\skip64
)) (/usr/local/texlive/2015/texmf-dist/tex/latex/lipsum/lipsum.sty
Package: lipsum 2014/07/27 v1.3 150 paragraphs of Lorem Ipsum dummy text
\c@lips@count=\count99
) (/usr/local/texlive/2015/texmf-dist/tex/generic/babel/babel.sty
Package: babel 2014/09/25 3.9l The Babel package
 (/usr/local/texlive/2015/texmf-dist/tex/generic/babel-english/english.ldf
Language: english 2012/08/20 v3.3p English support from the babel system
 (/usr/local/texlive/2015/texmf-dist/tex/generic/babel/babel.def
File: babel.def 2014/09/25 3.9l Babel common definitions
\babel@savecnt=\count100
\U@D=\dimen133
)
\l@canadian = a dialect from \language\l@american 
\l@australian = a dialect from \language\l@british 
\l@newzealand = a dialect from \language\l@british 
)) (/usr/local/texlive/2015/texmf-dist/tex/latex/csquotes/csquotes.sty
Package: csquotes 2015/04/15 v5.1e context-sensitive quotations (JAW)
\csq@reset=\count101
\csq@gtype=\count102
\csq@glevel=\count103
\csq@qlevel=\count104
\csq@maxlvl=\count105
\csq@tshold=\count106
\csq@ltx@everypar=\toks16
 (/usr/local/texlive/2015/texmf-dist/tex/latex/csquotes/csquotes.def
File: csquotes.def 2015/04/15 v5.1e csquotes generic definitions (JAW)
)
Package csquotes Info: Trying to load configuration file 'csquotes.cfg'...
Package csquotes Info: ... configuration file loaded successfully.
 (/usr/local/texlive/2015/texmf-dist/tex/latex/csquotes/csquotes.cfg
File: csquotes.cfg 
))
(/usr/local/texlive/2015/texmf-dist/tex/latex/subfigure/subfigure.sty
Package: subfigure 2002/03/15 v2.1.5 subfigure package
\subfigtopskip=\skip65
\subfigcapskip=\skip66
\subfigcaptopadj=\dimen134
\subfigbottomskip=\skip67
\subfigcapmargin=\dimen135
\subfiglabelskip=\skip68
\c@subfigure=\count107
\c@lofdepth=\count108
\c@subtable=\count109
\c@lotdepth=\count110

****************************************
* Local config file subfigure.cfg used *
****************************************
(/usr/local/texlive/2015/texmf-dist/tex/latex/subfigure/subfigure.cfg)
\subfig@top=\skip69
\subfig@bottom=\skip70
) (/usr/local/texlive/2015/texmf-dist/tex/latex/float/float.sty
Package: float 2001/11/08 v1.3d Float enhancements (AL)
\c@float@type=\count111
\float@exts=\toks17
\float@box=\box28
\@float@everytoks=\toks18
\@floatcapt=\box29
) (/usr/local/texlive/2015/texmf-dist/tex/latex/lineno/lineno.sty
Package: lineno 2005/11/02 line numbers on paragraphs v4.41
\linenopenalty=\count112
\output=\toks19
\linenoprevgraf=\count113
\linenumbersep=\dimen136
\linenumberwidth=\dimen137
\c@linenumber=\count114
\c@pagewiselinenumber=\count115
\c@LN@truepage=\count116
\c@internallinenumber=\count117
\c@internallinenumbers=\count118
\quotelinenumbersep=\dimen138
\bframerule=\dimen139
\bframesep=\dimen140
\bframebox=\box30


LaTeX Warning: Command \@parboxrestore  has changed.
               Check if current package is valid.

LaTeX Info: Redefining \\ on input line 3056.
) (/usr/local/texlive/2015/texmf-dist/tex/latex/biblatex/biblatex.sty
Package: biblatex 2015/04/19 v3.0 programmable bibliographies (PK/JW/AB)
 (/usr/local/texlive/2015/texmf-dist/tex/latex/biblatex/biblatex2.sty
Package: biblatex2 2015/04/19 v3.0 programmable bibliographies (biber) (PK/JW/AB)
 (/usr/local/texlive/2015/texmf-dist/tex/latex/oberdiek/kvoptions.sty
Package: kvoptions 2011/06/30 v3.11 Key value format for package options (HO)
 (/usr/local/texlive/2015/texmf-dist/tex/generic/oberdiek/kvsetkeys.sty
Package: kvsetkeys 2012/04/25 v1.16 Key value parser (HO)
 (/usr/local/texlive/2015/texmf-dist/tex/generic/oberdiek/etexcmds.sty
Package: etexcmds 2011/02/16 v1.5 Avoid name clashes with e-TeX commands (HO)
 (/usr/local/texlive/2015/texmf-dist/tex/generic/oberdiek/ifluatex.sty
Package: ifluatex 2010/03/01 v1.3 Provides the ifluatex switch (HO)
Package ifluatex Info: LuaTeX not detected.
)
Package etexcmds Info: Could not find \expanded.
(etexcmds)             That can mean that you are not using pdfTeX 1.50 or
(etexcmds)             that some package has redefined \expanded.
(etexcmds)             In the latter case, load this package earlier.
))) (/usr/local/texlive/2015/texmf-dist/tex/latex/logreq/logreq.sty
Package: logreq 2010/08/04 v1.0 xml request logger
\lrq@indent=\count119
 (/usr/local/texlive/2015/texmf-dist/tex/latex/logreq/logreq.def
File: logreq.def 2010/08/04 v1.0 logreq spec v1.0
)) (/usr/local/texlive/2015/texmf-dist/tex/latex/base/ifthen.sty
Package: ifthen 2014/09/29 v1.1c Standard LaTeX ifthen package (DPC)
) (/usr/local/texlive/2015/texmf-dist/tex/latex/url/url.sty
\Urlmuskip=\muskip10
Package: url 2013/09/16  ver 3.4  Verb mode for urls, etc.
)
\c@tabx@nest=\count120
\c@listtotal=\count121
\c@listcount=\count122
\c@liststart=\count123
\c@liststop=\count124
\c@citecount=\count125
\c@citetotal=\count126
\c@multicitecount=\count127
\c@multicitetotal=\count128
\c@instcount=\count129
\c@maxnames=\count130
\c@minnames=\count131
\c@maxitems=\count132
\c@minitems=\count133
\c@citecounter=\count134
\c@savedcitecounter=\count135
\c@uniquelist=\count136
\c@uniquename=\count137
\c@refsection=\count138
\c@refsegment=\count139
\c@maxextratitle=\count140
\c@maxextratitleyear=\count141
\c@maxextrayear=\count142
\c@maxextraalpha=\count143
\c@abbrvpenalty=\count144
\c@highnamepenalty=\count145
\c@lownamepenalty=\count146
\c@maxparens=\count147
\c@parenlevel=\count148
\blx@tempcnta=\count149
\blx@tempcntb=\count150
\blx@tempcntc=\count151
\blx@maxsection=\count152
\blx@maxsegment@0=\count153
\blx@notetype=\count154
\blx@parenlevel@text=\count155
\blx@parenlevel@foot=\count156
\blx@sectionciteorder@0=\count157
\labelnumberwidth=\skip71
\labelalphawidth=\skip72
\biblabelsep=\skip73
\bibitemsep=\skip74
\bibnamesep=\skip75
\bibinitsep=\skip76
\bibparsep=\skip77
\bibhang=\skip78
\blx@bcfin=\read1
\blx@bcfout=\write3
\c@mincomprange=\count158
\c@maxcomprange=\count159
\c@mincompwidth=\count160
Package biblatex Info: Trying to load biblatex default data model...
Package biblatex Info: ... file 'blx-dm.def' found.
 (/usr/local/texlive/2015/texmf-dist/tex/latex/biblatex/blx-dm.def)
Package biblatex Info: Trying to load biblatex style data model...
Package biblatex Info: ... file 'apa.dbx' found.
 (/usr/local/texlive/2015/texmf-dist/tex/latex/biblatex-apa/apa.dbx
File: apa.dbx 2015/01/23 v6.7 APA biblatex style data model
)
Package biblatex Info: Trying to load biblatex custom data model...
Package biblatex Info: ... file 'biblatex-dm.cfg' not found.
\c@afterword=\count161
\c@savedafterword=\count162
\c@annotator=\count163
\c@savedannotator=\count164
\c@author=\count165
\c@savedauthor=\count166
\c@bookauthor=\count167
\c@savedbookauthor=\count168
\c@commentator=\count169
\c@savedcommentator=\count170
\c@editor=\count171
\c@savededitor=\count172
\c@editora=\count173
\c@savededitora=\count174
\c@editorb=\count175
\c@savededitorb=\count176
\c@editorc=\count177
\c@savededitorc=\count178
\c@foreword=\count179
\c@savedforeword=\count180
\c@holder=\count181
\c@savedholder=\count182
\c@introduction=\count183
\c@savedintroduction=\count184
\c@namea=\count185
\c@savednamea=\count186
\c@nameb=\count187
\c@savednameb=\count188
\c@namec=\count189
\c@savednamec=\count190
\c@translator=\count191
\c@savedtranslator=\count192
\c@shortauthor=\count193
\c@savedshortauthor=\count194
\c@shorteditor=\count195
\c@savedshorteditor=\count196
\c@with=\count197
\c@savedwith=\count198
\c@writer=\count199
\c@savedwriter=\count200
\c@producer=\count201
\c@savedproducer=\count202
\c@execproducer=\count203
\c@savedexecproducer=\count204
\c@director=\count205
\c@saveddirector=\count206
\c@labelname=\count207
\c@savedlabelname=\count208
\c@institution=\count209
\c@savedinstitution=\count210
\c@lista=\count211
\c@savedlista=\count212
\c@listb=\count213
\c@savedlistb=\count214
\c@listc=\count215
\c@savedlistc=\count216
\c@listd=\count217
\c@savedlistd=\count218
\c@liste=\count219
\c@savedliste=\count220
\c@listf=\count221
\c@savedlistf=\count222
\c@location=\count223
\c@savedlocation=\count224
\c@organization=\count225
\c@savedorganization=\count226
\c@origlocation=\count227
\c@savedoriglocation=\count228
\c@origpublisher=\count229
\c@savedorigpublisher=\count230
\c@publisher=\count231
\c@savedpublisher=\count232
\c@language=\count233
\c@savedlanguage=\count266
\c@pageref=\count267
\c@savedpageref=\count268
\shorthandwidth=\skip79
\shortjournalwidth=\skip80
\shortserieswidth=\skip81
\shorttitlewidth=\skip82
\shortauthorwidth=\skip83
\shorteditorwidth=\skip84
Package biblatex Info: Trying to load compatibility code...
Package biblatex Info: ... file 'blx-compat.def' found.
 (/usr/local/texlive/2015/texmf-dist/tex/latex/biblatex/blx-compat.def
File: blx-compat.def 2015/04/19 v3.0 biblatex compatibility (PK/JW/AB)
)
Package biblatex Info: Trying to load generic definitions...
Package biblatex Info: ... file 'biblatex.def' found.
 (/usr/local/texlive/2015/texmf-dist/tex/latex/biblatex/biblatex.def
File: biblatex.def 
\c@textcitecount=\count269
\c@textcitetotal=\count270
\c@textcitemaxnames=\count271
\c@biburlnumpenalty=\count272
\c@biburlucpenalty=\count273
\c@biburllcpenalty=\count274
\c@smartand=\count275
)
Package biblatex Info: Trying to load bibliography style 'apa'...
Package biblatex Info: ... file 'apa.bbx' found.
 (/usr/local/texlive/2015/texmf-dist/tex/latex/biblatex-apa/apa.bbx
File: apa.bbx 2015/01/23 v6.7 APA biblatex references style
Package biblatex Info: Trying to load bibliography style 'standard'...
Package biblatex Info: ... file 'standard.bbx' found.
 (/usr/local/texlive/2015/texmf-dist/tex/latex/biblatex/bbx/standard.bbx
File: standard.bbx 2015/04/19 v3.0 biblatex bibliography style (PK/JW/AB)
\c@bbx:relatedcount=\count276
\c@bbx:relatedtotal=\count277
))
Package biblatex Info: Trying to load citation style 'apa'...
Package biblatex Info: ... file 'apa.cbx' found.
 (/usr/local/texlive/2015/texmf-dist/tex/latex/biblatex-apa/apa.cbx
File: apa.cbx 2015/01/23 v6.7 APA biblatex citation style
Package biblatex Info: Redefining '\parencite'.
Package biblatex Info: Redefining '\fullcite'.
Package biblatex Info: Redefining '\citeyear'.
Package biblatex Info: Redefining '\cite'.
Package biblatex Info: Redefining '\footcite'.
Package biblatex Info: Redefining '\textcites'.
Package biblatex Info: Redefining '\textcite'.
Package biblatex Info: Redefining '\citeauthor'.
)
Package biblatex Info: Trying to load configuration file...
Package biblatex Info: ... file 'biblatex.cfg' found.
 (/usr/local/texlive/2015/texmf-dist/tex/latex/biblatex/biblatex.cfg
File: biblatex.cfg 
)))
Package csquotes Info: Checking for multilingual support...
Package csquotes Info: ... found 'babel' package.
Package csquotes Info: Adjusting default style.
Package csquotes Info: Redefining alias 'default' -> 'american'.
Package biblatex Info: Trying to load language 'american' -> 'american-apa'...
Package biblatex Info: ... file 'american-apa.lbx' found.
 (/usr/local/texlive/2015/texmf-dist/tex/latex/biblatex-apa/american-apa.lbx
File: american-apa.lbx 2015/01/23 v6.7 APA biblatex localisation
Package biblatex Info: Trying to load language 'american'...
Package biblatex Info: ... file 'american.lbx' found.
 (/usr/local/texlive/2015/texmf-dist/tex/latex/biblatex/lbx/american.lbx
File: american.lbx 2015/04/19 v3.0 biblatex localization (PK/JW/AB)
Package biblatex Info: Trying to load language 'english'...
Package biblatex Info: ... file 'english.lbx' found.
 (/usr/local/texlive/2015/texmf-dist/tex/latex/biblatex/lbx/english.lbx
File: english.lbx 2015/04/19 v3.0 biblatex localization (PK/JW/AB)
))) (/Users/matt/Dropbox/Matt/Papers/SaccadicBiases/data/SanityCheckReport/.texpadtmp/manuscript.aux)
\openout1 = `manuscript.aux'.

LaTeX Font Info:    Checking defaults for OML/cmm/m/it on input line 37.
LaTeX Font Info:    ... okay on input line 37.
LaTeX Font Info:    Checking defaults for T1/cmr/m/n on input line 37.
LaTeX Font Info:    ... okay on input line 37.
LaTeX Font Info:    Checking defaults for OT1/cmr/m/n on input line 37.
LaTeX Font Info:    ... okay on input line 37.
LaTeX Font Info:    Checking defaults for OMS/cmsy/m/n on input line 37.
LaTeX Font Info:    ... okay on input line 37.
LaTeX Font Info:    Checking defaults for OMX/cmex/m/n on input line 37.
LaTeX Font Info:    ... okay on input line 37.
LaTeX Font Info:    Checking defaults for U/cmr/m/n on input line 37.
LaTeX Font Info:    ... okay on input line 37.
LaTeX Font Info:    Try loading font information for T1+lmr on input line 37.
 (/usr/local/texlive/2015/texmf-dist/tex/latex/lm/t1lmr.fd
File: t1lmr.fd 2009/10/30 v1.6 Font defs for Latin Modern
)
*geometry* driver: auto-detecting
*geometry* detected driver: pdftex
*geometry* verbose mode - [ preamble ] result:
* driver: pdftex
* paper: <default>
* layout: <same size as paper>
* layoutoffset:(h,v)=(0.0pt,0.0pt)
* modes: twoside 
* h-part:(L,W,R)=(72.26999pt, 469.75502pt, 72.26999pt)
* v-part:(T,H,B)=(72.26999pt, 650.43001pt, 72.26999pt)
* \paperwidth=614.295pt
* \paperheight=794.96999pt
* \textwidth=433.62pt
* \textheight=614.295pt
* \oddsidemargin=18.06749pt
* \evensidemargin=18.06749pt
* \topmargin=-18.06749pt
* \headheight=15.2pt
* \headsep=25.0pt
* \topskip=11.0pt
* \footskip=30.0pt
* \marginparwidth=113.0pt
* \marginparsep=10.0pt
* \columnsep=10.0pt
* \skip\footins=10.0pt plus 4.0pt minus 2.0pt
* \hoffset=0.0pt
* \voffset=0.0pt
* \mag=1000
* \@twocolumnfalse
* \@twosidetrue
* \@mparswitchtrue
* \@reversemarginfalse
* (1in=72.27pt=25.4mm, 1cm=28.453pt)

(/usr/local/texlive/2015/texmf-dist/tex/context/base/supp-pdf.mkii
[Loading MPS to PDF converter (version 2006.09.02).]
\scratchcounter=\count278
\scratchdimen=\dimen141
\scratchbox=\box31
\nofMPsegments=\count279
\nofMParguments=\count280
\everyMPshowfont=\toks20
\MPscratchCnt=\count281
\MPscratchDim=\dimen142
\MPnumerator=\count282
\makeMPintoPDFobject=\count283
\everyMPtoPDFconversion=\toks21
) (/usr/local/texlive/2015/texmf-dist/tex/generic/oberdiek/pdftexcmds.sty
Package: pdftexcmds 2011/11/29 v0.20 Utility functions of pdfTeX for LuaTeX (HO)
Package pdftexcmds Info: LuaTeX not detected.
Package pdftexcmds Info: \pdf@primitive is available.
Package pdftexcmds Info: \pdf@ifprimitive is available.
Package pdftexcmds Info: \pdfdraftmode found.
) (/usr/local/texlive/2015/texmf-dist/tex/latex/oberdiek/epstopdf-base.sty
Package: epstopdf-base 2010/02/09 v2.5 Base part for package epstopdf
 (/usr/local/texlive/2015/texmf-dist/tex/latex/oberdiek/grfext.sty
Package: grfext 2010/08/19 v1.1 Manage graphics extensions (HO)
 (/usr/local/texlive/2015/texmf-dist/tex/generic/oberdiek/kvdefinekeys.sty
Package: kvdefinekeys 2011/04/07 v1.3 Define keys (HO)
))
Package grfext Info: Graphics extension search list:
(grfext)             [.png,.pdf,.jpg,.mps,.jpeg,.jbig2,.jb2,.PNG,.PDF,.JPG,.JPEG,.JBIG2,.JB2,.eps]
(grfext)             \AppendGraphicsExtensions on input line 452.
 (/usr/local/texlive/2015/texmf-dist/tex/latex/latexconfig/epstopdf-sys.cfg
File: epstopdf-sys.cfg 2010/07/13 v1.3 Configuration of (r)epstopdf for TeX Live
)) (/usr/local/texlive/2015/texmf-dist/tex/latex/apa6/config/APAamerican.txt
File: APAamerican.txt 2012/02/23 v1.25 apa6 configuration for American English
)
Package caption Info: Begin \AtBeginDocument code.
Package caption Info: float package is loaded.
Package caption Info: subfigure package is loaded.
Package caption Info: End \AtBeginDocument code.
Package biblatex Info: No input encoding detected.
(biblatex)             Assuming 'ascii'.
Package biblatex Info: Automatic encoding selection.
(biblatex)             Assuming data encoding 'ascii'.
\openout3 = `manuscript.bcf'.

Package biblatex Info: Trying to load bibliographic data...
Package biblatex Info: ... file 'manuscript.bbl' not found.

No file manuscript.bbl.
Package biblatex Info: Reference section=0 on input line 37.
Package biblatex Info: Reference segment=0 on input line 37.

Class apa6 Warning: Abstract not defined.

Class apa6 Info: Keywords not defined on input line 38.
Using title for running head
(./Data.tex <Figs/Asher2013_xdist.png, id=1, 578.16pt x 433.62pt>
File: Figs/Asher2013_xdist.png Graphic file (type png)
 <use Figs/Asher2013_xdist.png>
Package pdftex.def Info: Figs/Asher2013_xdist.png used on input line 7.
(pdftex.def)             Requested size: 199.16928pt x 149.3741pt.
 <Figs/Asher2013_ydist.png, id=2, 578.16pt x 433.62pt>
File: Figs/Asher2013_ydist.png Graphic file (type png)
 <use Figs/Asher2013_ydist.png>
Package pdftex.def Info: Figs/Asher2013_ydist.png used on input line 8.
(pdftex.def)             Requested size: 199.16928pt x 149.3741pt.
 <Figs/Asher2013_sacampdist.png, id=3, 578.16pt x 433.62pt>
File: Figs/Asher2013_sacampdist.png Graphic file (type png)
 <use Figs/Asher2013_sacampdist.png>
Package pdftex.def Info: Figs/Asher2013_sacampdist.png used on input line 9.
(pdftex.def)             Requested size: 199.16928pt x 149.3741pt.
 <Figs/Asher2013_sacampindex.png, id=4, 578.16pt x 433.62pt>
File: Figs/Asher2013_sacampindex.png Graphic file (type png)
 <use Figs/Asher2013_sacampindex.png>
Package pdftex.def Info: Figs/Asher2013_sacampindex.png used on input line 10.
(pdftex.def)             Requested size: 199.16928pt x 149.3741pt.
 <Figs/Asher2013_heat.png, id=5, 578.16pt x 433.62pt>
File: Figs/Asher2013_heat.png Graphic file (type png)
 <use Figs/Asher2013_heat.png>
Package pdftex.def Info: Figs/Asher2013_heat.png used on input line 11.
(pdftex.def)             Requested size: 199.16928pt x 149.3741pt.
 <Figs/Asher2013_3D.png, id=6, 578.16pt x 433.62pt>
File: Figs/Asher2013_3D.png Graphic file (type png)
 <use Figs/Asher2013_3D.png>
Package pdftex.def Info: Figs/Asher2013_3D.png used on input line 12.
(pdftex.def)             Requested size: 199.16928pt x 149.3741pt.

Underfull \vbox (badness 10000) has occurred while \output is active []

 [1

{/usr/local/texlive/2015/texmf-var/fonts/map/pdftex/updmap/pdftex.map}] <Figs/Clarke2013_xdist.png, id=15, 578.16pt x 433.62pt>
File: Figs/Clarke2013_xdist.png Graphic file (type png)
 <use Figs/Clarke2013_xdist.png>
Package pdftex.def Info: Figs/Clarke2013_xdist.png used on input line 21.
(pdftex.def)             Requested size: 199.16928pt x 149.3741pt.
 <Figs/Clarke2013_ydist.png, id=16, 578.16pt x 433.62pt>
File: Figs/Clarke2013_ydist.png Graphic file (type png)
 <use Figs/Clarke2013_ydist.png>
Package pdftex.def Info: Figs/Clarke2013_ydist.png used on input line 22.
(pdftex.def)             Requested size: 199.16928pt x 149.3741pt.
 <Figs/Clarke2013_sacampdist.png, id=17, 578.16pt x 433.62pt>
File: Figs/Clarke2013_sacampdist.png Graphic file (type png)
 <use Figs/Clarke2013_sacampdist.png>
Package pdftex.def Info: Figs/Clarke2013_sacampdist.png used on input line 23.
(pdftex.def)             Requested size: 199.16928pt x 149.3741pt.
 <Figs/Clarke2013_sacampindex.png, id=18, 578.16pt x 433.62pt>
File: Figs/Clarke2013_sacampindex.png Graphic file (type png)
 <use Figs/Clarke2013_sacampindex.png>
Package pdftex.def Info: Figs/Clarke2013_sacampindex.png used on input line 24.
(pdftex.def)             Requested size: 199.16928pt x 149.3741pt.
 <Figs/Clarke2013_heat.png, id=19, 578.16pt x 433.62pt>
File: Figs/Clarke2013_heat.png Graphic file (type png)
 <use Figs/Clarke2013_heat.png>
Package pdftex.def Info: Figs/Clarke2013_heat.png used on input line 25.
(pdftex.def)             Requested size: 199.16928pt x 149.3741pt.
 <Figs/Clarke2013_3D.png, id=20, 578.16pt x 433.62pt>
File: Figs/Clarke2013_3D.png Graphic file (type png)
 <use Figs/Clarke2013_3D.png>
Package pdftex.def Info: Figs/Clarke2013_3D.png used on input line 26.
(pdftex.def)             Requested size: 199.16928pt x 149.3741pt.

Underfull \vbox (badness 10000) has occurred while \output is active []

 [2 <./Figs/Asher2013_xdist.png (PNG copy)> <./Figs/Asher2013_ydist.png (PNG copy)> <./Figs/Asher2013_sacampdist.png (PNG copy)> <./Figs/Asher2013_sacampindex.png (PNG copy)> <./Figs/Asher2013_heat.png (PNG copy)> <./Figs/Asher2013_3D.png (PNG copy)>] <Figs/Clarke2009_xdist.png, id=26, 578.16pt x 433.62pt>
File: Figs/Clarke2009_xdist.png Graphic file (type png)
 <use Figs/Clarke2009_xdist.png>
Package pdftex.def Info: Figs/Clarke2009_xdist.png used on input line 36.
(pdftex.def)             Requested size: 199.16928pt x 149.3741pt.
 <Figs/Clarke2009_ydist.png, id=27, 578.16pt x 433.62pt>
File: Figs/Clarke2009_ydist.png Graphic file (type png)
 <use Figs/Clarke2009_ydist.png>
Package pdftex.def Info: Figs/Clarke2009_ydist.png used on input line 37.
(pdftex.def)             Requested size: 199.16928pt x 149.3741pt.
 <Figs/Clarke2009_sacampdist.png, id=28, 578.16pt x 433.62pt>
File: Figs/Clarke2009_sacampdist.png Graphic file (type png)
 <use Figs/Clarke2009_sacampdist.png>
Package pdftex.def Info: Figs/Clarke2009_sacampdist.png used on input line 38.
(pdftex.def)             Requested size: 199.16928pt x 149.3741pt.
 <Figs/Clarke2009_sacampindex.png, id=29, 578.16pt x 433.62pt>
File: Figs/Clarke2009_sacampindex.png Graphic file (type png)
 <use Figs/Clarke2009_sacampindex.png>
Package pdftex.def Info: Figs/Clarke2009_sacampindex.png used on input line 39.
(pdftex.def)             Requested size: 199.16928pt x 149.3741pt.
 <Figs/Clarke2009_heat.png, id=30, 578.16pt x 433.62pt>
File: Figs/Clarke2009_heat.png Graphic file (type png)
 <use Figs/Clarke2009_heat.png>
Package pdftex.def Info: Figs/Clarke2009_heat.png used on input line 40.
(pdftex.def)             Requested size: 199.16928pt x 149.3741pt.
 <Figs/Clarke2009_3D.png, id=31, 578.16pt x 433.62pt>
File: Figs/Clarke2009_3D.png Graphic file (type png)
 <use Figs/Clarke2009_3D.png>
Package pdftex.def Info: Figs/Clarke2009_3D.png used on input line 41.
(pdftex.def)             Requested size: 199.16928pt x 149.3741pt.

Underfull \vbox (badness 10000) has occurred while \output is active []

 [3 <./Figs/Clarke2013_xdist.png (PNG copy)> <./Figs/Clarke2013_ydist.png (PNG copy)> <./Figs/Clarke2013_sacampdist.png (PNG copy)> <./Figs/Clarke2013_sacampindex.png (PNG copy)> <./Figs/Clarke2013_heat.png (PNG copy)> <./Figs/Clarke2013_3D.png (PNG copy)>] <Figs/Einhauser2008_xdist.png, id=35, 578.16pt x 433.62pt>
File: Figs/Einhauser2008_xdist.png Graphic file (type png)
 <use Figs/Einhauser2008_xdist.png>
Package pdftex.def Info: Figs/Einhauser2008_xdist.png used on input line 50.
(pdftex.def)             Requested size: 199.16928pt x 149.3741pt.
 <Figs/Einhauser2008_ydist.png, id=36, 578.16pt x 433.62pt>
File: Figs/Einhauser2008_ydist.png Graphic file (type png)
 <use Figs/Einhauser2008_ydist.png>
Package pdftex.def Info: Figs/Einhauser2008_ydist.png used on input line 51.
(pdftex.def)             Requested size: 199.16928pt x 149.3741pt.
 <Figs/Einhauser2008_sacampdist.png, id=37, 578.16pt x 433.62pt>
File: Figs/Einhauser2008_sacampdist.png Graphic file (type png)
 <use Figs/Einhauser2008_sacampdist.png>
Package pdftex.def Info: Figs/Einhauser2008_sacampdist.png used on input line 52.
(pdftex.def)             Requested size: 199.16928pt x 149.3741pt.
 <Figs/Einhauser2008_sacampindex.png, id=38, 578.16pt x 433.62pt>
File: Figs/Einhauser2008_sacampindex.png Graphic file (type png)
 <use Figs/Einhauser2008_sacampindex.png>
Package pdftex.def Info: Figs/Einhauser2008_sacampindex.png used on input line 53.
(pdftex.def)             Requested size: 199.16928pt x 149.3741pt.
 <Figs/Einhauser2008_heat.png, id=39, 578.16pt x 433.62pt>
File: Figs/Einhauser2008_heat.png Graphic file (type png)
 <use Figs/Einhauser2008_heat.png>
Package pdftex.def Info: Figs/Einhauser2008_heat.png used on input line 54.
(pdftex.def)             Requested size: 199.16928pt x 149.3741pt.
 <Figs/Einhauser2008_3D.png, id=40, 578.16pt x 433.62pt>
File: Figs/Einhauser2008_3D.png Graphic file (type png)
 <use Figs/Einhauser2008_3D.png>
Package pdftex.def Info: Figs/Einhauser2008_3D.png used on input line 55.
(pdftex.def)             Requested size: 199.16928pt x 149.3741pt.

Underfull \vbox (badness 10000) has occurred while \output is active []

 [4 <./Figs/Clarke2009_xdist.png (PNG copy)> <./Figs/Clarke2009_ydist.png (PNG copy)> <./Figs/Clarke2009_sacampdist.png (PNG copy)> <./Figs/Clarke2009_sacampindex.png (PNG copy)> <./Figs/Clarke2009_heat.png (PNG copy)> <./Figs/Clarke2009_3D.png (PNG copy)>] <Figs/Tatler2007Search_xdist.png, id=44, 578.16pt x 433.62pt>
File: Figs/Tatler2007Search_xdist.png Graphic file (type png)
 <use Figs/Tatler2007Search_xdist.png>
Package pdftex.def Info: Figs/Tatler2007Search_xdist.png used on input line 64.
(pdftex.def)             Requested size: 199.16928pt x 149.3741pt.
 <Figs/Tatler2007Search_ydist.png, id=45, 578.16pt x 433.62pt>
File: Figs/Tatler2007Search_ydist.png Graphic file (type png)
 <use Figs/Tatler2007Search_ydist.png>
Package pdftex.def Info: Figs/Tatler2007Search_ydist.png used on input line 65.
(pdftex.def)             Requested size: 199.16928pt x 149.3741pt.
 <Figs/Tatler2007Search_sacampdist.png, id=46, 578.16pt x 433.62pt>
File: Figs/Tatler2007Search_sacampdist.png Graphic file (type png)
 <use Figs/Tatler2007Search_sacampdist.png>
Package pdftex.def Info: Figs/Tatler2007Search_sacampdist.png used on input line 66.
(pdftex.def)             Requested size: 199.16928pt x 149.3741pt.
 <Figs/Tatler2007Search_sacampindex.png, id=47, 578.16pt x 433.62pt>
File: Figs/Tatler2007Search_sacampindex.png Graphic file (type png)
 <use Figs/Tatler2007Search_sacampindex.png>
Package pdftex.def Info: Figs/Tatler2007Search_sacampindex.png used on input line 67.
(pdftex.def)             Requested size: 199.16928pt x 149.3741pt.
 <Figs/Tatler2007Search_heat.png, id=48, 578.16pt x 433.62pt>
File: Figs/Tatler2007Search_heat.png Graphic file (type png)
 <use Figs/Tatler2007Search_heat.png>
Package pdftex.def Info: Figs/Tatler2007Search_heat.png used on input line 68.
(pdftex.def)             Requested size: 199.16928pt x 149.3741pt.
 <Figs/Tatler2007Search_3D.png, id=49, 578.16pt x 433.62pt>
File: Figs/Tatler2007Search_3D.png Graphic file (type png)
 <use Figs/Tatler2007Search_3D.png>
Package pdftex.def Info: Figs/Tatler2007Search_3D.png used on input line 69.
(pdftex.def)             Requested size: 199.16928pt x 149.3741pt.

Underfull \vbox (badness 10000) has occurred while \output is active []

 [5 <./Figs/Einhauser2008_xdist.png (PNG copy)> <./Figs/Einhauser2008_ydist.png (PNG copy)> <./Figs/Einhauser2008_sacampdist.png (PNG copy)> <./Figs/Einhauser2008_sacampindex.png (PNG copy)> <./Figs/Einhauser2008_heat.png (PNG copy)> <./Figs/Einhauser2008_3D.png (PNG copy)>] <Figs/Tatler2007Freeview_xdist.png, id=53, 578.16pt x 433.62pt>
File: Figs/Tatler2007Freeview_xdist.png Graphic file (type png)
 <use Figs/Tatler2007Freeview_xdist.png>
Package pdftex.def Info: Figs/Tatler2007Freeview_xdist.png used on input line 78.
(pdftex.def)             Requested size: 199.16928pt x 149.3741pt.
 <Figs/Tatler2007Freeview_ydist.png, id=54, 578.16pt x 433.62pt>
File: Figs/Tatler2007Freeview_ydist.png Graphic file (type png)
 <use Figs/Tatler2007Freeview_ydist.png>
Package pdftex.def Info: Figs/Tatler2007Freeview_ydist.png used on input line 79.
(pdftex.def)             Requested size: 199.16928pt x 149.3741pt.
 <Figs/Tatler2007Freeview_sacampdist.png, id=55, 578.16pt x 433.62pt>
File: Figs/Tatler2007Freeview_sacampdist.png Graphic file (type png)
 <use Figs/Tatler2007Freeview_sacampdist.png>
Package pdftex.def Info: Figs/Tatler2007Freeview_sacampdist.png used on input line 80.
(pdftex.def)             Requested size: 199.16928pt x 149.3741pt.
 <Figs/Tatler2007Freeview_sacampindex.png, id=56, 578.16pt x 433.62pt>
File: Figs/Tatler2007Freeview_sacampindex.png Graphic file (type png)
 <use Figs/Tatler2007Freeview_sacampindex.png>
Package pdftex.def Info: Figs/Tatler2007Freeview_sacampindex.png used on input line 81.
(pdftex.def)             Requested size: 199.16928pt x 149.3741pt.
 <Figs/Tatler2007Freeview_heat.png, id=57, 578.16pt x 433.62pt>
File: Figs/Tatler2007Freeview_heat.png Graphic file (type png)
 <use Figs/Tatler2007Freeview_heat.png>
Package pdftex.def Info: Figs/Tatler2007Freeview_heat.png used on input line 82.
(pdftex.def)             Requested size: 199.16928pt x 149.3741pt.
 <Figs/Tatler2007Freeview_3D.png, id=58, 578.16pt x 433.62pt>
File: Figs/Tatler2007Freeview_3D.png Graphic file (type png)
 <use Figs/Tatler2007Freeview_3D.png>
Package pdftex.def Info: Figs/Tatler2007Freeview_3D.png used on input line 83.
(pdftex.def)             Requested size: 199.16928pt x 149.3741pt.

Underfull \vbox (badness 10000) has occurred while \output is active []

 [6 <./Figs/Tatler2007Search_xdist.png (PNG copy)> <./Figs/Tatler2007Search_ydist.png (PNG copy)> <./Figs/Tatler2007Search_sacampdist.png (PNG copy)> <./Figs/Tatler2007Search_sacampindex.png (PNG copy)> <./Figs/Tatler2007Search_heat.png (PNG copy)> <./Figs/Tatler2007Search_3D.png (PNG copy)>] <Figs/Tatler2005_xdist.png, id=62, 578.16pt x 433.62pt>
File: Figs/Tatler2005_xdist.png Graphic file (type png)
 <use Figs/Tatler2005_xdist.png>
Package pdftex.def Info: Figs/Tatler2005_xdist.png used on input line 93.
(pdftex.def)             Requested size: 199.16928pt x 149.3741pt.
 <Figs/Tatler2005_ydist.png, id=63, 578.16pt x 433.62pt>
File: Figs/Tatler2005_ydist.png Graphic file (type png)
 <use Figs/Tatler2005_ydist.png>
Package pdftex.def Info: Figs/Tatler2005_ydist.png used on input line 94.
(pdftex.def)             Requested size: 199.16928pt x 149.3741pt.
 <Figs/Tatler2005_sacampdist.png, id=64, 578.16pt x 433.62pt>
File: Figs/Tatler2005_sacampdist.png Graphic file (type png)
 <use Figs/Tatler2005_sacampdist.png>
Package pdftex.def Info: Figs/Tatler2005_sacampdist.png used on input line 95.
(pdftex.def)             Requested size: 199.16928pt x 149.3741pt.
 <Figs/Tatler2005_sacampindex.png, id=65, 578.16pt x 433.62pt>
File: Figs/Tatler2005_sacampindex.png Graphic file (type png)
 <use Figs/Tatler2005_sacampindex.png>
Package pdftex.def Info: Figs/Tatler2005_sacampindex.png used on input line 96.
(pdftex.def)             Requested size: 199.16928pt x 149.3741pt.
 <Figs/Tatler2005_heat.png, id=66, 578.16pt x 433.62pt>
File: Figs/Tatler2005_heat.png Graphic file (type png)
 <use Figs/Tatler2005_heat.png>
Package pdftex.def Info: Figs/Tatler2005_heat.png used on input line 97.
(pdftex.def)             Requested size: 199.16928pt x 149.3741pt.
 <Figs/Tatler2005_3D.png, id=67, 578.16pt x 433.62pt>
File: Figs/Tatler2005_3D.png Graphic file (type png)
 <use Figs/Tatler2005_3D.png>
Package pdftex.def Info: Figs/Tatler2005_3D.png used on input line 98.
(pdftex.def)             Requested size: 199.16928pt x 149.3741pt.

Underfull \vbox (badness 10000) has occurred while \output is active []

 [7 <./Figs/Tatler2007Freeview_xdist.png (PNG copy)> <./Figs/Tatler2007Freeview_ydist.png (PNG copy)> <./Figs/Tatler2007Freeview_sacampdist.png (PNG copy)> <./Figs/Tatler2007Freeview_sacampindex.png (PNG copy)> <./Figs/Tatler2007Freeview_heat.png (PNG copy)> <./Figs/Tatler2007Freeview_3D.png (PNG copy)>] <Figs/Judd2009_xdist.png, id=72, 578.16pt x 433.62pt>
File: Figs/Judd2009_xdist.png Graphic file (type png)
 <use Figs/Judd2009_xdist.png>
Package pdftex.def Info: Figs/Judd2009_xdist.png used on input line 107.
(pdftex.def)             Requested size: 199.16928pt x 149.3741pt.
 <Figs/Judd2009_ydist.png, id=73, 578.16pt x 433.62pt>
File: Figs/Judd2009_ydist.png Graphic file (type png)
 <use Figs/Judd2009_ydist.png>
Package pdftex.def Info: Figs/Judd2009_ydist.png used on input line 108.
(pdftex.def)             Requested size: 199.16928pt x 149.3741pt.
 <Figs/Judd2009_sacampdist.png, id=74, 578.16pt x 433.62pt>
File: Figs/Judd2009_sacampdist.png Graphic file (type png)
 <use Figs/Judd2009_sacampdist.png>
Package pdftex.def Info: Figs/Judd2009_sacampdist.png used on input line 109.
(pdftex.def)             Requested size: 199.16928pt x 149.3741pt.
 <Figs/Judd2009_sacampindex.png, id=75, 578.16pt x 433.62pt>
File: Figs/Judd2009_sacampindex.png Graphic file (type png)
 <use Figs/Judd2009_sacampindex.png>
Package pdftex.def Info: Figs/Judd2009_sacampindex.png used on input line 110.
(pdftex.def)             Requested size: 199.16928pt x 149.3741pt.
 <Figs/Judd2009_heat.png, id=76, 578.16pt x 433.62pt>
File: Figs/Judd2009_heat.png Graphic file (type png)
 <use Figs/Judd2009_heat.png>
Package pdftex.def Info: Figs/Judd2009_heat.png used on input line 111.
(pdftex.def)             Requested size: 199.16928pt x 149.3741pt.
 <Figs/Judd2009_3D.png, id=77, 578.16pt x 433.62pt>
File: Figs/Judd2009_3D.png Graphic file (type png)
 <use Figs/Judd2009_3D.png>
Package pdftex.def Info: Figs/Judd2009_3D.png used on input line 112.
(pdftex.def)             Requested size: 199.16928pt x 149.3741pt.

Underfull \vbox (badness 10000) has occurred while \output is active []

 [8 <./Figs/Tatler2005_xdist.png (PNG copy)> <./Figs/Tatler2005_ydist.png (PNG copy)> <./Figs/Tatler2005_sacampdist.png (PNG copy)> <./Figs/Tatler2005_sacampindex.png (PNG copy)> <./Figs/Tatler2005_heat.png (PNG copy)> <./Figs/Tatler2005_3D.png (PNG copy)>] <Figs/Yun2013SUN_xdist.png, id=81, 578.16pt x 433.62pt>
File: Figs/Yun2013SUN_xdist.png Graphic file (type png)
 <use Figs/Yun2013SUN_xdist.png>
Package pdftex.def Info: Figs/Yun2013SUN_xdist.png used on input line 121.
(pdftex.def)             Requested size: 199.16928pt x 149.3741pt.
 <Figs/Yun2013SUN_ydist.png, id=82, 578.16pt x 433.62pt>
File: Figs/Yun2013SUN_ydist.png Graphic file (type png)
 <use Figs/Yun2013SUN_ydist.png>
Package pdftex.def Info: Figs/Yun2013SUN_ydist.png used on input line 122.
(pdftex.def)             Requested size: 199.16928pt x 149.3741pt.
 <Figs/Yun2013SUN_sacampdist.png, id=83, 578.16pt x 433.62pt>
File: Figs/Yun2013SUN_sacampdist.png Graphic file (type png)
 <use Figs/Yun2013SUN_sacampdist.png>
Package pdftex.def Info: Figs/Yun2013SUN_sacampdist.png used on input line 123.
(pdftex.def)             Requested size: 199.16928pt x 149.3741pt.
 <Figs/Yun2013SUN_sacampindex.png, id=84, 578.16pt x 433.62pt>
File: Figs/Yun2013SUN_sacampindex.png Graphic file (type png)
 <use Figs/Yun2013SUN_sacampindex.png>
Package pdftex.def Info: Figs/Yun2013SUN_sacampindex.png used on input line 124.
(pdftex.def)             Requested size: 199.16928pt x 149.3741pt.
 <Figs/Yun2013SUN_heat.png, id=85, 578.16pt x 433.62pt>
File: Figs/Yun2013SUN_heat.png Graphic file (type png)
 <use Figs/Yun2013SUN_heat.png>
Package pdftex.def Info: Figs/Yun2013SUN_heat.png used on input line 125.
(pdftex.def)             Requested size: 199.16928pt x 149.3741pt.
 <Figs/Yun2013SUN_3D.png, id=86, 578.16pt x 433.62pt>
File: Figs/Yun2013SUN_3D.png Graphic file (type png)
 <use Figs/Yun2013SUN_3D.png>
Package pdftex.def Info: Figs/Yun2013SUN_3D.png used on input line 126.
(pdftex.def)             Requested size: 199.16928pt x 149.3741pt.

Underfull \vbox (badness 10000) has occurred while \output is active []

 [9 <./Figs/Judd2009_xdist.png (PNG copy)> <./Figs/Judd2009_ydist.png (PNG copy)> <./Figs/Judd2009_sacampdist.png (PNG copy)> <./Figs/Judd2009_sacampindex.png (PNG copy)> <./Figs/Judd2009_heat.png (PNG copy)> <./Figs/Judd2009_3D.png (PNG copy)>] <Figs/Yun2013PASCAL_xdist.png, id=90, 578.16pt x 433.62pt>
File: Figs/Yun2013PASCAL_xdist.png Graphic file (type png)
 <use Figs/Yun2013PASCAL_xdist.png>
Package pdftex.def Info: Figs/Yun2013PASCAL_xdist.png used on input line 136.
(pdftex.def)             Requested size: 199.16928pt x 149.3741pt.
 <Figs/Yun2013PASCAL_ydist.png, id=91, 578.16pt x 433.62pt>
File: Figs/Yun2013PASCAL_ydist.png Graphic file (type png)
 <use Figs/Yun2013PASCAL_ydist.png>
Package pdftex.def Info: Figs/Yun2013PASCAL_ydist.png used on input line 137.
(pdftex.def)             Requested size: 199.16928pt x 149.3741pt.
 <Figs/Yun2013PASCAL_sacampdist.png, id=92, 578.16pt x 433.62pt>
File: Figs/Yun2013PASCAL_sacampdist.png Graphic file (type png)
 <use Figs/Yun2013PASCAL_sacampdist.png>
Package pdftex.def Info: Figs/Yun2013PASCAL_sacampdist.png used on input line 138.
(pdftex.def)             Requested size: 199.16928pt x 149.3741pt.
 <Figs/Yun2013PASCAL_sacampindex.png, id=93, 578.16pt x 433.62pt>
File: Figs/Yun2013PASCAL_sacampindex.png Graphic file (type png)
 <use Figs/Yun2013PASCAL_sacampindex.png>
Package pdftex.def Info: Figs/Yun2013PASCAL_sacampindex.png used on input line 139.
(pdftex.def)             Requested size: 199.16928pt x 149.3741pt.
 <Figs/Yun2013PASCAL_heat.png, id=94, 578.16pt x 433.62pt>
File: Figs/Yun2013PASCAL_heat.png Graphic file (type png)
 <use Figs/Yun2013PASCAL_heat.png>
Package pdftex.def Info: Figs/Yun2013PASCAL_heat.png used on input line 140.
(pdftex.def)             Requested size: 199.16928pt x 149.3741pt.
 <Figs/Yun2013PASCAL_3D.png, id=95, 578.16pt x 433.62pt>
File: Figs/Yun2013PASCAL_3D.png Graphic file (type png)
 <use Figs/Yun2013PASCAL_3D.png>
Package pdftex.def Info: Figs/Yun2013PASCAL_3D.png used on input line 141.
(pdftex.def)             Requested size: 199.16928pt x 149.3741pt.

Underfull \vbox (badness 10000) has occurred while \output is active []

 [10 <./Figs/Yun2013SUN_xdist.png (PNG copy)> <./Figs/Yun2013SUN_ydist.png (PNG copy)> <./Figs/Yun2013SUN_sacampdist.png (PNG copy)> <./Figs/Yun2013SUN_sacampindex.png (PNG copy)> <./Figs/Yun2013SUN_heat.png (PNG copy)> <./Figs/Yun2013SUN_3D.png (PNG copy)>]) [11 <./Figs/Yun2013PASCAL_xdist.png (PNG copy)> <./Figs/Yun2013PASCAL_ydist.png (PNG copy)> <./Figs/Yun2013PASCAL_sacampdist.png (PNG copy)> <./Figs/Yun2013PASCAL_sacampindex.png (PNG copy)> <./Figs/Yun2013PASCAL_heat.png (PNG copy)> <./Figs/Yun2013PASCAL_3D.png (PNG copy)>] (/Users/matt/Dropbox/Matt/Papers/SaccadicBiases/data/SanityCheckReport/.texpadtmp/manuscript.aux)
Package logreq Info: Writing requests to 'manuscript.run.xml'.
\openout1 = `manuscript.run.xml'.

 ) 
Here is how much of TeX's memory you used:
 11252 strings out of 493089
 189405 string characters out of 6134842
 748536 words of memory out of 5000000
 14532 multiletter control sequences out of 15000+600000
 20971 words of font info for 21 fonts, out of 8000000 for 9000
 1141 hyphenation exceptions out of 8191
 44i,10n,47p,796b,1684s stack positions out of 5000i,500n,10000p,200000b,80000s
{/usr/local/texlive/2015/texmf-dist/fonts/enc/dvips/lm/lm-ec.enc}</usr/local/texlive/2015/texmf-dist/fonts/type1/public/lm/lmbx10.pfb></usr/local/texlive/2015/texmf-dist/fonts/type1/public/lm/lmr10.pfb></usr/local/texlive/2015/texmf-dist/fonts/type1/public/lm/lmr12.pfb></usr/local/texlive/2015/texmf-dist/fonts/type1/public/lm/lmr17.pfb></usr/local/texlive/2015/texmf-dist/fonts/type1/public/lm/lmri10.pfb>
Output written on /Users/matt/Dropbox/Matt/Papers/SaccadicBiases/data/SanityCheckReport/.texpadtmp/manuscript.pdf (11 pages, 3919964 bytes).
PDF statistics:
 121 PDF objects out of 1000 (max. 8388607)
 42 compressed objects within 1 object stream
 0 named destinations out of 1000 (max. 500000)
 301 words of extra memory for PDF output out of 10000 (max. 10000000)

