This is pdfTeX, Version 3.14159265-2.6-1.40.17 (TeX Live 2016) (preloaded format=pdflatex 2016.12.5)  9 FEB 2017 12:02
entering extended mode
 restricted \write18 enabled.
 %&-line parsing enabled.
**saccadicBiases.tex
(./saccadicBiases.tex
LaTeX2e <2016/03/31>
Babel <3.9r> and hyphenation patterns for 83 language(s) loaded.
(/usr/local/texlive/2016/texmf-dist/tex/latex/base/article.cls
Document Class: article 2014/09/29 v1.4h Standard LaTeX document class
(/usr/local/texlive/2016/texmf-dist/tex/latex/base/size11.clo
File: size11.clo 2014/09/29 v1.4h Standard LaTeX file (size option)
)
\c@part=\count79
\c@section=\count80
\c@subsection=\count81
\c@subsubsection=\count82
\c@paragraph=\count83
\c@subparagraph=\count84
\c@figure=\count85
\c@table=\count86
\abovecaptionskip=\skip41
\belowcaptionskip=\skip42
\bibindent=\dimen102
)
(/usr/local/texlive/2016/texmf-dist/tex/latex/fourier/fourier.sty
Package: fourier 2005/01/01 1.4 fourier-GUTenberg package

(/usr/local/texlive/2016/texmf-dist/tex/latex/base/fontenc.sty
Package: fontenc 2005/09/27 v1.99g Standard LaTeX package

(/usr/local/texlive/2016/texmf-dist/tex/latex/base/t1enc.def
File: t1enc.def 2005/09/27 v1.99g Standard LaTeX file
LaTeX Font Info:    Redeclaring font encoding T1 on input line 48.
))
(/usr/local/texlive/2016/texmf-dist/tex/latex/base/textcomp.sty
Package: textcomp 2005/09/27 v1.99g Standard LaTeX package
Package textcomp Info: Sub-encoding information:
(textcomp)               5 = only ISO-Adobe without \textcurrency
(textcomp)               4 = 5 + \texteuro
(textcomp)               3 = 4 + \textohm
(textcomp)               2 = 3 + \textestimated + \textcurrency
(textcomp)               1 = TS1 - \textcircled - \t
(textcomp)               0 = TS1 (full)
(textcomp)             Font families with sub-encoding setting implement
(textcomp)             only a restricted character set as indicated.
(textcomp)             Family '?' is the default used for unknown fonts.
(textcomp)             See the documentation for details.
Package textcomp Info: Setting ? sub-encoding to TS1/1 on input line 79.

(/usr/local/texlive/2016/texmf-dist/tex/latex/base/ts1enc.def
File: ts1enc.def 2001/06/05 v3.0e (jk/car/fm) Standard LaTeX file
)
LaTeX Info: Redefining \oldstylenums on input line 334.
Package textcomp Info: Setting cmr sub-encoding to TS1/0 on input line 349.
Package textcomp Info: Setting cmss sub-encoding to TS1/0 on input line 350.
Package textcomp Info: Setting cmtt sub-encoding to TS1/0 on input line 351.
Package textcomp Info: Setting cmvtt sub-encoding to TS1/0 on input line 352.
Package textcomp Info: Setting cmbr sub-encoding to TS1/0 on input line 353.
Package textcomp Info: Setting cmtl sub-encoding to TS1/0 on input line 354.
Package textcomp Info: Setting ccr sub-encoding to TS1/0 on input line 355.
Package textcomp Info: Setting ptm sub-encoding to TS1/4 on input line 356.
Package textcomp Info: Setting pcr sub-encoding to TS1/4 on input line 357.
Package textcomp Info: Setting phv sub-encoding to TS1/4 on input line 358.
Package textcomp Info: Setting ppl sub-encoding to TS1/3 on input line 359.
Package textcomp Info: Setting pag sub-encoding to TS1/4 on input line 360.
Package textcomp Info: Setting pbk sub-encoding to TS1/4 on input line 361.
Package textcomp Info: Setting pnc sub-encoding to TS1/4 on input line 362.
Package textcomp Info: Setting pzc sub-encoding to TS1/4 on input line 363.
Package textcomp Info: Setting bch sub-encoding to TS1/4 on input line 364.
Package textcomp Info: Setting put sub-encoding to TS1/5 on input line 365.
Package textcomp Info: Setting uag sub-encoding to TS1/5 on input line 366.
Package textcomp Info: Setting ugq sub-encoding to TS1/5 on input line 367.
Package textcomp Info: Setting ul8 sub-encoding to TS1/4 on input line 368.
Package textcomp Info: Setting ul9 sub-encoding to TS1/4 on input line 369.
Package textcomp Info: Setting augie sub-encoding to TS1/5 on input line 370.
Package textcomp Info: Setting dayrom sub-encoding to TS1/3 on input line 371.
Package textcomp Info: Setting dayroms sub-encoding to TS1/3 on input line 372.

Package textcomp Info: Setting pxr sub-encoding to TS1/0 on input line 373.
Package textcomp Info: Setting pxss sub-encoding to TS1/0 on input line 374.
Package textcomp Info: Setting pxtt sub-encoding to TS1/0 on input line 375.
Package textcomp Info: Setting txr sub-encoding to TS1/0 on input line 376.
Package textcomp Info: Setting txss sub-encoding to TS1/0 on input line 377.
Package textcomp Info: Setting txtt sub-encoding to TS1/0 on input line 378.
Package textcomp Info: Setting lmr sub-encoding to TS1/0 on input line 379.
Package textcomp Info: Setting lmdh sub-encoding to TS1/0 on input line 380.
Package textcomp Info: Setting lmss sub-encoding to TS1/0 on input line 381.
Package textcomp Info: Setting lmssq sub-encoding to TS1/0 on input line 382.
Package textcomp Info: Setting lmvtt sub-encoding to TS1/0 on input line 383.
Package textcomp Info: Setting lmtt sub-encoding to TS1/0 on input line 384.
Package textcomp Info: Setting qhv sub-encoding to TS1/0 on input line 385.
Package textcomp Info: Setting qag sub-encoding to TS1/0 on input line 386.
Package textcomp Info: Setting qbk sub-encoding to TS1/0 on input line 387.
Package textcomp Info: Setting qcr sub-encoding to TS1/0 on input line 388.
Package textcomp Info: Setting qcs sub-encoding to TS1/0 on input line 389.
Package textcomp Info: Setting qpl sub-encoding to TS1/0 on input line 390.
Package textcomp Info: Setting qtm sub-encoding to TS1/0 on input line 391.
Package textcomp Info: Setting qzc sub-encoding to TS1/0 on input line 392.
Package textcomp Info: Setting qhvc sub-encoding to TS1/0 on input line 393.
Package textcomp Info: Setting futs sub-encoding to TS1/4 on input line 394.
Package textcomp Info: Setting futx sub-encoding to TS1/4 on input line 395.
Package textcomp Info: Setting futj sub-encoding to TS1/4 on input line 396.
Package textcomp Info: Setting hlh sub-encoding to TS1/3 on input line 397.
Package textcomp Info: Setting hls sub-encoding to TS1/3 on input line 398.
Package textcomp Info: Setting hlst sub-encoding to TS1/3 on input line 399.
Package textcomp Info: Setting hlct sub-encoding to TS1/5 on input line 400.
Package textcomp Info: Setting hlx sub-encoding to TS1/5 on input line 401.
Package textcomp Info: Setting hlce sub-encoding to TS1/5 on input line 402.
Package textcomp Info: Setting hlcn sub-encoding to TS1/5 on input line 403.
Package textcomp Info: Setting hlcw sub-encoding to TS1/5 on input line 404.
Package textcomp Info: Setting hlcf sub-encoding to TS1/5 on input line 405.
Package textcomp Info: Setting pplx sub-encoding to TS1/3 on input line 406.
Package textcomp Info: Setting pplj sub-encoding to TS1/3 on input line 407.
Package textcomp Info: Setting ptmx sub-encoding to TS1/4 on input line 408.
Package textcomp Info: Setting ptmj sub-encoding to TS1/4 on input line 409.
)
(/usr/local/texlive/2016/texmf-dist/tex/latex/fourier/fourier-orns.sty
Package: fourier-orns 2004/01/30 1.1 fourier-ornaments package
)
LaTeX Font Info:    Redeclaring symbol font `operators' on input line 50.
LaTeX Font Info:    Encoding `OT1' has changed to `T1' for symbol font
(Font)              `operators' in the math version `normal' on input line 50.
LaTeX Font Info:    Overwriting symbol font `operators' in version `normal'
(Font)                  OT1/cmr/m/n --> T1/futs/m/n on input line 50.
LaTeX Font Info:    Encoding `OT1' has changed to `T1' for symbol font
(Font)              `operators' in the math version `bold' on input line 50.
LaTeX Font Info:    Overwriting symbol font `operators' in version `bold'
(Font)                  OT1/cmr/bx/n --> T1/futs/m/n on input line 50.
LaTeX Font Info:    Overwriting symbol font `operators' in version `bold'
(Font)                  T1/futs/m/n --> T1/futs/b/n on input line 51.
LaTeX Font Info:    Redeclaring symbol font `letters' on input line 59.
LaTeX Font Info:    Encoding `OML' has changed to `FML' for symbol font
(Font)              `letters' in the math version `normal' on input line 59.
LaTeX Font Info:    Overwriting symbol font `letters' in version `normal'
(Font)                  OML/cmm/m/it --> FML/futmi/m/it on input line 59.
LaTeX Font Info:    Encoding `OML' has changed to `FML' for symbol font
(Font)              `letters' in the math version `bold' on input line 59.
LaTeX Font Info:    Overwriting symbol font `letters' in version `bold'
(Font)                  OML/cmm/b/it --> FML/futmi/m/it on input line 59.
\symotherletters=\mathgroup4
LaTeX Font Info:    Overwriting symbol font `letters' in version `bold'
(Font)                  FML/futmi/m/it --> FML/futmi/b/it on input line 61.
LaTeX Font Info:    Overwriting symbol font `otherletters' in version `bold'
(Font)                  FML/futm/m/it --> FML/futm/b/it on input line 62.
LaTeX Font Info:    Redeclaring math symbol \Gamma on input line 63.
LaTeX Font Info:    Redeclaring math symbol \Delta on input line 64.
LaTeX Font Info:    Redeclaring math symbol \Theta on input line 65.
LaTeX Font Info:    Redeclaring math symbol \Lambda on input line 66.
LaTeX Font Info:    Redeclaring math symbol \Xi on input line 67.
LaTeX Font Info:    Redeclaring math symbol \Pi on input line 68.
LaTeX Font Info:    Redeclaring math symbol \Sigma on input line 69.
LaTeX Font Info:    Redeclaring math symbol \Upsilon on input line 70.
LaTeX Font Info:    Redeclaring math symbol \Phi on input line 71.
LaTeX Font Info:    Redeclaring math symbol \Psi on input line 72.
LaTeX Font Info:    Redeclaring math symbol \Omega on input line 73.
LaTeX Font Info:    Redeclaring symbol font `symbols' on input line 113.
LaTeX Font Info:    Encoding `OMS' has changed to `FMS' for symbol font
(Font)              `symbols' in the math version `normal' on input line 113.
LaTeX Font Info:    Overwriting symbol font `symbols' in version `normal'
(Font)                  OMS/cmsy/m/n --> FMS/futm/m/n on input line 113.
LaTeX Font Info:    Encoding `OMS' has changed to `FMS' for symbol font
(Font)              `symbols' in the math version `bold' on input line 113.
LaTeX Font Info:    Overwriting symbol font `symbols' in version `bold'
(Font)                  OMS/cmsy/b/n --> FMS/futm/m/n on input line 113.
LaTeX Font Info:    Redeclaring symbol font `largesymbols' on input line 114.
LaTeX Font Info:    Encoding `OMX' has changed to `FMX' for symbol font
(Font)              `largesymbols' in the math version `normal' on input line 1
14.
LaTeX Font Info:    Overwriting symbol font `largesymbols' in version `normal'
(Font)                  OMX/cmex/m/n --> FMX/futm/m/n on input line 114.
LaTeX Font Info:    Encoding `OMX' has changed to `FMX' for symbol font
(Font)              `largesymbols' in the math version `bold' on input line 114
.
LaTeX Font Info:    Overwriting symbol font `largesymbols' in version `bold'
(Font)                  OMX/cmex/m/n --> FMX/futm/m/n on input line 114.
LaTeX Font Info:    Redeclaring math alphabet \mathbf on input line 115.
LaTeX Font Info:    Overwriting math alphabet `\mathbf' in version `normal'
(Font)                  OT1/cmr/bx/n --> T1/futs/bx/n on input line 115.
LaTeX Font Info:    Overwriting math alphabet `\mathbf' in version `bold'
(Font)                  OT1/cmr/bx/n --> T1/futs/bx/n on input line 115.
LaTeX Font Info:    Redeclaring math alphabet \mathrm on input line 116.
LaTeX Font Info:    Redeclaring math alphabet \mathit on input line 117.
LaTeX Font Info:    Overwriting math alphabet `\mathit' in version `normal'
(Font)                  OT1/cmr/m/it --> T1/futs/m/it on input line 117.
LaTeX Font Info:    Overwriting math alphabet `\mathit' in version `bold'
(Font)                  OT1/cmr/bx/it --> T1/futs/m/it on input line 117.
LaTeX Font Info:    Redeclaring math alphabet \mathcal on input line 118.
LaTeX Font Info:    Redeclaring math symbol \parallel on input line 134.
LaTeX Font Info:    Redeclaring math symbol \hbar on input line 148.
LaTeX Font Info:    Redeclaring math symbol \varkappa on input line 186.
LaTeX Font Info:    Redeclaring math symbol \varvarrho on input line 187.
LaTeX Font Info:    Redeclaring math delimiter \Vert on input line 210.
LaTeX Font Info:    Redeclaring math delimiter \vert on input line 215.
LaTeX Font Info:    Redeclaring math delimiter \Downarrow on input line 225.
LaTeX Font Info:    Redeclaring math delimiter \backslash on input line 227.
LaTeX Font Info:    Redeclaring math delimiter \rangle on input line 229.
LaTeX Font Info:    Redeclaring math delimiter \langle on input line 231.
LaTeX Font Info:    Redeclaring math delimiter \rbrace on input line 233.
LaTeX Font Info:    Redeclaring math delimiter \lbrace on input line 235.
LaTeX Font Info:    Redeclaring math delimiter \rceil on input line 237.
LaTeX Font Info:    Redeclaring math delimiter \lceil on input line 239.
LaTeX Font Info:    Redeclaring math delimiter \rfloor on input line 241.
LaTeX Font Info:    Redeclaring math delimiter \lfloor on input line 243.
LaTeX Font Info:    Redeclaring math accent \acute on input line 247.
LaTeX Font Info:    Redeclaring math accent \grave on input line 248.
LaTeX Font Info:    Redeclaring math accent \ddot on input line 249.
LaTeX Font Info:    Redeclaring math accent \tilde on input line 250.
LaTeX Font Info:    Redeclaring math accent \bar on input line 251.
LaTeX Font Info:    Redeclaring math accent \breve on input line 252.
LaTeX Font Info:    Redeclaring math accent \check on input line 253.
LaTeX Font Info:    Redeclaring math accent \hat on input line 254.
LaTeX Font Info:    Redeclaring math accent \dot on input line 255.
LaTeX Font Info:    Redeclaring math accent \mathring on input line 256.
\symUfutm=\mathgroup5
)
(/usr/local/texlive/2016/texmf-dist/tex/latex/base/fontenc.sty
Package: fontenc 2005/09/27 v1.99g Standard LaTeX package

(/usr/local/texlive/2016/texmf-dist/tex/latex/base/t1enc.def
File: t1enc.def 2005/09/27 v1.99g Standard LaTeX file
LaTeX Font Info:    Redeclaring font encoding T1 on input line 48.
))
(/usr/local/texlive/2016/texmf-dist/tex/latex/amsfonts/amssymb.sty
Package: amssymb 2013/01/14 v3.01 AMS font symbols

(/usr/local/texlive/2016/texmf-dist/tex/latex/amsfonts/amsfonts.sty
Package: amsfonts 2013/01/14 v3.01 Basic AMSFonts support
\@emptytoks=\toks14
\symAMSa=\mathgroup6
\symAMSb=\mathgroup7
LaTeX Font Info:    Overwriting math alphabet `\mathfrak' in version `bold'
(Font)                  U/euf/m/n --> U/euf/b/n on input line 106.
LaTeX Font Info:    Redeclaring math symbol \square on input line 141.
)
LaTeX Font Info:    Redeclaring math symbol \blacksquare on input line 48.
LaTeX Font Info:    Redeclaring math symbol \vDash on input line 60.
LaTeX Font Info:    Redeclaring math symbol \leftleftarrows on input line 63.
LaTeX Font Info:    Redeclaring math symbol \rightrightarrows on input line 64.

LaTeX Font Info:    Redeclaring math symbol \leqslant on input line 101.
LaTeX Font Info:    Redeclaring math symbol \geqslant on input line 108.
LaTeX Font Info:    Redeclaring math symbol \blacktriangleright on input line 1
20.
LaTeX Font Info:    Redeclaring math symbol \blacktriangleleft on input line 12
1.
LaTeX Font Info:    Redeclaring math symbol \complement on input line 165.
LaTeX Font Info:    Redeclaring math symbol \intercal on input line 166.
LaTeX Font Info:    Redeclaring math symbol \nleqslant on input line 181.
LaTeX Font Info:    Redeclaring math symbol \ngeqslant on input line 182.
LaTeX Font Info:    Redeclaring math symbol \varsubsetneq on input line 203.
LaTeX Font Info:    Redeclaring math symbol \subsetneqq on input line 207.
LaTeX Font Info:    Redeclaring math symbol \nparallel on input line 215.
LaTeX Font Info:    Redeclaring math symbol \nvDash on input line 221.
LaTeX Font Info:    Redeclaring math symbol \nexists on input line 235.
LaTeX Font Info:    Redeclaring math symbol \smallsetminus on input line 251.
LaTeX Font Info:    Redeclaring math symbol \curvearrowleft on input line 257.
LaTeX Font Info:    Redeclaring math symbol \curvearrowright on input line 258.

LaTeX Font Info:    Redeclaring math symbol \varkappa on input line 260.
LaTeX Font Info:    Redeclaring math symbol \hslash on input line 262.
)
(/usr/local/texlive/2016/texmf-dist/tex/latex/amsmath/amsmath.sty
Package: amsmath 2016/03/10 v2.15b AMS math features
\@mathmargin=\skip43

For additional information on amsmath, use the `?' option.
(/usr/local/texlive/2016/texmf-dist/tex/latex/amsmath/amstext.sty
Package: amstext 2000/06/29 v2.01 AMS text

(/usr/local/texlive/2016/texmf-dist/tex/latex/amsmath/amsgen.sty
File: amsgen.sty 1999/11/30 v2.0 generic functions
\@emptytoks=\toks15
\ex@=\dimen103
))
(/usr/local/texlive/2016/texmf-dist/tex/latex/amsmath/amsbsy.sty
Package: amsbsy 1999/11/29 v1.2d Bold Symbols
\pmbraise@=\dimen104
)
(/usr/local/texlive/2016/texmf-dist/tex/latex/amsmath/amsopn.sty
Package: amsopn 2016/03/08 v2.02 operator names
)
\inf@bad=\count87
LaTeX Info: Redefining \frac on input line 199.
\uproot@=\count88
\leftroot@=\count89
LaTeX Info: Redefining \overline on input line 297.
\classnum@=\count90
\DOTSCASE@=\count91
LaTeX Info: Redefining \ldots on input line 394.
LaTeX Info: Redefining \dots on input line 397.
LaTeX Info: Redefining \cdots on input line 518.
\Mathstrutbox@=\box26
\strutbox@=\box27
\big@size=\dimen105
LaTeX Font Info:    Redeclaring font encoding OML on input line 634.
LaTeX Font Info:    Redeclaring font encoding OMS on input line 635.
\macc@depth=\count92
\c@MaxMatrixCols=\count93
\dotsspace@=\muskip10
\c@parentequation=\count94
\dspbrk@lvl=\count95
\tag@help=\toks16
\row@=\count96
\column@=\count97
\maxfields@=\count98
\andhelp@=\toks17
\eqnshift@=\dimen106
\alignsep@=\dimen107
\tagshift@=\dimen108
\tagwidth@=\dimen109
\totwidth@=\dimen110
\lineht@=\dimen111
\@envbody=\toks18
\multlinegap=\skip44
\multlinetaggap=\skip45
\mathdisplay@stack=\toks19
LaTeX Info: Redefining \[ on input line 2739.
LaTeX Info: Redefining \] on input line 2740.
)
(/usr/local/texlive/2016/texmf-dist/tex/latex/graphics/graphicx.sty
Package: graphicx 2014/10/28 v1.0g Enhanced LaTeX Graphics (DPC,SPQR)

(/usr/local/texlive/2016/texmf-dist/tex/latex/graphics/keyval.sty
Package: keyval 2014/10/28 v1.15 key=value parser (DPC)
\KV@toks@=\toks20
)
(/usr/local/texlive/2016/texmf-dist/tex/latex/graphics/graphics.sty
Package: graphics 2016/05/09 v1.0r Standard LaTeX Graphics (DPC,SPQR)

(/usr/local/texlive/2016/texmf-dist/tex/latex/graphics/trig.sty
Package: trig 2016/01/03 v1.10 sin cos tan (DPC)
)
(/usr/local/texlive/2016/texmf-dist/tex/latex/graphics-cfg/graphics.cfg
File: graphics.cfg 2016/01/02 v1.10 sample graphics configuration
)
Package graphics Info: Driver file: pdftex.def on input line 96.

(/usr/local/texlive/2016/texmf-dist/tex/latex/pdftex-def/pdftex.def
File: pdftex.def 2011/05/27 v0.06d Graphics/color for pdfTeX

(/usr/local/texlive/2016/texmf-dist/tex/generic/oberdiek/infwarerr.sty
Package: infwarerr 2016/05/16 v1.4 Providing info/warning/error messages (HO)
)
(/usr/local/texlive/2016/texmf-dist/tex/generic/oberdiek/ltxcmds.sty
Package: ltxcmds 2016/05/16 v1.23 LaTeX kernel commands for general use (HO)
)
\Gread@gobject=\count99
))
\Gin@req@height=\dimen112
\Gin@req@width=\dimen113
)
(/usr/local/texlive/2016/texmf-dist/tex/latex/rotating/rotating.sty
Package: rotating 2009/03/28 v2.16a rotated objects in LaTeX

(/usr/local/texlive/2016/texmf-dist/tex/latex/base/ifthen.sty
Package: ifthen 2014/09/29 v1.1c Standard LaTeX ifthen package (DPC)
)
\c@r@tfl@t=\count100
\rotFPtop=\skip46
\rotFPbot=\skip47
\rot@float@box=\box28
\rot@mess@toks=\toks21
)
(/usr/local/texlive/2016/texmf-dist/tex/latex/oberdiek/pdflscape.sty
Package: pdflscape 2016/05/14 v0.11 Display of landscape pages in PDF (HO)

(/usr/local/texlive/2016/texmf-dist/tex/latex/graphics/lscape.sty
Package: lscape 2000/10/22 v3.01 Landscape Pages (DPC)
)
(/usr/local/texlive/2016/texmf-dist/tex/generic/oberdiek/ifpdf.sty
Package: ifpdf 2016/05/14 v3.1 Provides the ifpdf switch
)
Package pdflscape Info: Auto-detected driver: pdftex on input line 81.

(/usr/local/texlive/2016/texmf-dist/tex/generic/ifxetex/ifxetex.sty
Package: ifxetex 2010/09/12 v0.6 Provides ifxetex conditional
))
(/usr/local/texlive/2016/texmf-dist/tex/latex/abstract/abstract.sty
Package: abstract 2009/06/08 v1.2a configurable abstracts
\abstitleskip=\skip48
\absleftindent=\skip49
\absrightindent=\skip50
\absparindent=\skip51
\absparsep=\skip52
)
(/usr/local/texlive/2016/texmf-dist/tex/latex/xcolor/xcolor.sty
Package: xcolor 2016/05/11 v2.12 LaTeX color extensions (UK)

(/usr/local/texlive/2016/texmf-dist/tex/latex/graphics-cfg/color.cfg
File: color.cfg 2016/01/02 v1.6 sample color configuration
)
Package xcolor Info: Driver file: pdftex.def on input line 225.

(/usr/local/texlive/2016/texmf-dist/tex/latex/colortbl/colortbl.sty
Package: colortbl 2012/02/13 v1.0a Color table columns (DPC)

(/usr/local/texlive/2016/texmf-dist/tex/latex/tools/array.sty
Package: array 2014/10/28 v2.4c Tabular extension package (FMi)
\col@sep=\dimen114
\extrarowheight=\dimen115
\NC@list=\toks22
\extratabsurround=\skip53
\backup@length=\skip54
)
\everycr=\toks23
\minrowclearance=\skip55
)
\rownum=\count101
Package xcolor Info: Model `cmy' substituted by `cmy0' on input line 1348.
Package xcolor Info: Model `hsb' substituted by `rgb' on input line 1352.
Package xcolor Info: Model `RGB' extended on input line 1364.
Package xcolor Info: Model `HTML' substituted by `rgb' on input line 1366.
Package xcolor Info: Model `Hsb' substituted by `hsb' on input line 1367.
Package xcolor Info: Model `tHsb' substituted by `hsb' on input line 1368.
Package xcolor Info: Model `HSB' substituted by `hsb' on input line 1369.
Package xcolor Info: Model `Gray' substituted by `gray' on input line 1370.
Package xcolor Info: Model `wave' substituted by `hsb' on input line 1371.
)
(/usr/local/texlive/2016/texmf-dist/tex/latex/natbib/natbib.sty
Package: natbib 2010/09/13 8.31b (PWD, AO)
\bibhang=\skip56
\bibsep=\skip57
LaTeX Info: Redefining \cite on input line 694.
\c@NAT@ctr=\count102
)
(/usr/local/texlive/2016/texmf-dist/tex/latex/subfigure/subfigure.sty
Package: subfigure 2002/03/15 v2.1.5 subfigure package
\subfigtopskip=\skip58
\subfigcapskip=\skip59
\subfigcaptopadj=\dimen116
\subfigbottomskip=\skip60
\subfigcapmargin=\dimen117
\subfiglabelskip=\skip61
\c@subfigure=\count103
\c@lofdepth=\count104
\c@subtable=\count105
\c@lotdepth=\count106

****************************************
* Local config file subfigure.cfg used *
****************************************
(/usr/local/texlive/2016/texmf-dist/tex/latex/subfigure/subfigure.cfg)
\subfig@top=\skip62
\subfig@bottom=\skip63
)
(/usr/local/texlive/2016/texmf-dist/tex/latex/setspace/setspace.sty
Package: setspace 2011/12/19 v6.7a set line spacing
)
(/usr/local/texlive/2016/texmf-dist/tex/latex/todonotes/todonotes.sty
Package: todonotes 2015/07/09 .dtx Todonotes source and documentation.
Package: todonotes 2012/07/25

(/usr/local/texlive/2016/texmf-dist/tex/latex/xkeyval/xkeyval.sty
Package: xkeyval 2014/12/03 v2.7a package option processing (HA)

(/usr/local/texlive/2016/texmf-dist/tex/generic/xkeyval/xkeyval.tex
(/usr/local/texlive/2016/texmf-dist/tex/generic/xkeyval/xkvutils.tex
\XKV@toks=\toks24
\XKV@tempa@toks=\toks25
)
\XKV@depth=\count107
File: xkeyval.tex 2014/12/03 v2.7a key=value parser (HA)
))
(/usr/local/texlive/2016/texmf-dist/tex/latex/pgf/frontendlayer/tikz.sty
(/usr/local/texlive/2016/texmf-dist/tex/latex/pgf/basiclayer/pgf.sty
(/usr/local/texlive/2016/texmf-dist/tex/latex/pgf/utilities/pgfrcs.sty
(/usr/local/texlive/2016/texmf-dist/tex/generic/pgf/utilities/pgfutil-common.te
x
\pgfutil@everybye=\toks26
\pgfutil@tempdima=\dimen118
\pgfutil@tempdimb=\dimen119

(/usr/local/texlive/2016/texmf-dist/tex/generic/pgf/utilities/pgfutil-common-li
sts.tex))
(/usr/local/texlive/2016/texmf-dist/tex/generic/pgf/utilities/pgfutil-latex.def
\pgfutil@abb=\box29
(/usr/local/texlive/2016/texmf-dist/tex/latex/ms/everyshi.sty
Package: everyshi 2001/05/15 v3.00 EveryShipout Package (MS)
))
(/usr/local/texlive/2016/texmf-dist/tex/generic/pgf/utilities/pgfrcs.code.tex
Package: pgfrcs 2015/08/07 v3.0.1a (rcs-revision 1.31)
))
Package: pgf 2015/08/07 v3.0.1a (rcs-revision 1.15)
(/usr/local/texlive/2016/texmf-dist/tex/latex/pgf/basiclayer/pgfcore.sty
(/usr/local/texlive/2016/texmf-dist/tex/latex/pgf/systemlayer/pgfsys.sty
(/usr/local/texlive/2016/texmf-dist/tex/generic/pgf/systemlayer/pgfsys.code.tex
Package: pgfsys 2014/07/09 v3.0.1a (rcs-revision 1.48)
(/usr/local/texlive/2016/texmf-dist/tex/generic/pgf/utilities/pgfkeys.code.tex
\pgfkeys@pathtoks=\toks27
\pgfkeys@temptoks=\toks28

(/usr/local/texlive/2016/texmf-dist/tex/generic/pgf/utilities/pgfkeysfiltered.c
ode.tex
\pgfkeys@tmptoks=\toks29
))
\pgf@x=\dimen120
\pgf@y=\dimen121
\pgf@xa=\dimen122
\pgf@ya=\dimen123
\pgf@xb=\dimen124
\pgf@yb=\dimen125
\pgf@xc=\dimen126
\pgf@yc=\dimen127
\w@pgf@writea=\write3
\r@pgf@reada=\read1
\c@pgf@counta=\count108
\c@pgf@countb=\count109
\c@pgf@countc=\count110
\c@pgf@countd=\count111
\t@pgf@toka=\toks30
\t@pgf@tokb=\toks31
\t@pgf@tokc=\toks32

(/usr/local/texlive/2016/texmf-dist/tex/generic/pgf/systemlayer/pgf.cfg
File: pgf.cfg 2008/05/14  (rcs-revision 1.7)
)
Driver file for pgf: pgfsys-pdftex.def

(/usr/local/texlive/2016/texmf-dist/tex/generic/pgf/systemlayer/pgfsys-pdftex.d
ef
File: pgfsys-pdftex.def 2014/10/11  (rcs-revision 1.35)

(/usr/local/texlive/2016/texmf-dist/tex/generic/pgf/systemlayer/pgfsys-common-p
df.def
File: pgfsys-common-pdf.def 2013/10/10  (rcs-revision 1.13)
)))
(/usr/local/texlive/2016/texmf-dist/tex/generic/pgf/systemlayer/pgfsyssoftpath.
code.tex
File: pgfsyssoftpath.code.tex 2013/09/09  (rcs-revision 1.9)
\pgfsyssoftpath@smallbuffer@items=\count112
\pgfsyssoftpath@bigbuffer@items=\count113
)
(/usr/local/texlive/2016/texmf-dist/tex/generic/pgf/systemlayer/pgfsysprotocol.
code.tex
File: pgfsysprotocol.code.tex 2006/10/16  (rcs-revision 1.4)
))
(/usr/local/texlive/2016/texmf-dist/tex/generic/pgf/basiclayer/pgfcore.code.tex
Package: pgfcore 2010/04/11 v3.0.1a (rcs-revision 1.7)
(/usr/local/texlive/2016/texmf-dist/tex/generic/pgf/math/pgfmath.code.tex
(/usr/local/texlive/2016/texmf-dist/tex/generic/pgf/math/pgfmathcalc.code.tex
(/usr/local/texlive/2016/texmf-dist/tex/generic/pgf/math/pgfmathutil.code.tex)
(/usr/local/texlive/2016/texmf-dist/tex/generic/pgf/math/pgfmathparser.code.tex
\pgfmath@dimen=\dimen128
\pgfmath@count=\count114
\pgfmath@box=\box30
\pgfmath@toks=\toks33
\pgfmath@stack@operand=\toks34
\pgfmath@stack@operation=\toks35
)
(/usr/local/texlive/2016/texmf-dist/tex/generic/pgf/math/pgfmathfunctions.code.
tex
(/usr/local/texlive/2016/texmf-dist/tex/generic/pgf/math/pgfmathfunctions.basic
.code.tex)
(/usr/local/texlive/2016/texmf-dist/tex/generic/pgf/math/pgfmathfunctions.trigo
nometric.code.tex)
(/usr/local/texlive/2016/texmf-dist/tex/generic/pgf/math/pgfmathfunctions.rando
m.code.tex)
(/usr/local/texlive/2016/texmf-dist/tex/generic/pgf/math/pgfmathfunctions.compa
rison.code.tex)
(/usr/local/texlive/2016/texmf-dist/tex/generic/pgf/math/pgfmathfunctions.base.
code.tex)
(/usr/local/texlive/2016/texmf-dist/tex/generic/pgf/math/pgfmathfunctions.round
.code.tex)
(/usr/local/texlive/2016/texmf-dist/tex/generic/pgf/math/pgfmathfunctions.misc.
code.tex)
(/usr/local/texlive/2016/texmf-dist/tex/generic/pgf/math/pgfmathfunctions.integ
erarithmetics.code.tex)))
(/usr/local/texlive/2016/texmf-dist/tex/generic/pgf/math/pgfmathfloat.code.tex
\c@pgfmathroundto@lastzeros=\count115
))
(/usr/local/texlive/2016/texmf-dist/tex/generic/pgf/basiclayer/pgfcorepoints.co
de.tex
File: pgfcorepoints.code.tex 2013/10/07  (rcs-revision 1.27)
\pgf@picminx=\dimen129
\pgf@picmaxx=\dimen130
\pgf@picminy=\dimen131
\pgf@picmaxy=\dimen132
\pgf@pathminx=\dimen133
\pgf@pathmaxx=\dimen134
\pgf@pathminy=\dimen135
\pgf@pathmaxy=\dimen136
\pgf@xx=\dimen137
\pgf@xy=\dimen138
\pgf@yx=\dimen139
\pgf@yy=\dimen140
\pgf@zx=\dimen141
\pgf@zy=\dimen142
)
(/usr/local/texlive/2016/texmf-dist/tex/generic/pgf/basiclayer/pgfcorepathconst
ruct.code.tex
File: pgfcorepathconstruct.code.tex 2013/10/07  (rcs-revision 1.29)
\pgf@path@lastx=\dimen143
\pgf@path@lasty=\dimen144
)
(/usr/local/texlive/2016/texmf-dist/tex/generic/pgf/basiclayer/pgfcorepathusage
.code.tex
File: pgfcorepathusage.code.tex 2014/11/02  (rcs-revision 1.24)
\pgf@shorten@end@additional=\dimen145
\pgf@shorten@start@additional=\dimen146
)
(/usr/local/texlive/2016/texmf-dist/tex/generic/pgf/basiclayer/pgfcorescopes.co
de.tex
File: pgfcorescopes.code.tex 2015/05/08  (rcs-revision 1.46)
\pgfpic=\box31
\pgf@hbox=\box32
\pgf@layerbox@main=\box33
\pgf@picture@serial@count=\count116
)
(/usr/local/texlive/2016/texmf-dist/tex/generic/pgf/basiclayer/pgfcoregraphicst
ate.code.tex
File: pgfcoregraphicstate.code.tex 2014/11/02  (rcs-revision 1.12)
\pgflinewidth=\dimen147
)
(/usr/local/texlive/2016/texmf-dist/tex/generic/pgf/basiclayer/pgfcoretransform
ations.code.tex
File: pgfcoretransformations.code.tex 2015/08/07  (rcs-revision 1.20)
\pgf@pt@x=\dimen148
\pgf@pt@y=\dimen149
\pgf@pt@temp=\dimen150
)
(/usr/local/texlive/2016/texmf-dist/tex/generic/pgf/basiclayer/pgfcorequick.cod
e.tex
File: pgfcorequick.code.tex 2008/10/09  (rcs-revision 1.3)
)
(/usr/local/texlive/2016/texmf-dist/tex/generic/pgf/basiclayer/pgfcoreobjects.c
ode.tex
File: pgfcoreobjects.code.tex 2006/10/11  (rcs-revision 1.2)
)
(/usr/local/texlive/2016/texmf-dist/tex/generic/pgf/basiclayer/pgfcorepathproce
ssing.code.tex
File: pgfcorepathprocessing.code.tex 2013/09/09  (rcs-revision 1.9)
)
(/usr/local/texlive/2016/texmf-dist/tex/generic/pgf/basiclayer/pgfcorearrows.co
de.tex
File: pgfcorearrows.code.tex 2015/05/14  (rcs-revision 1.43)
\pgfarrowsep=\dimen151
)
(/usr/local/texlive/2016/texmf-dist/tex/generic/pgf/basiclayer/pgfcoreshade.cod
e.tex
File: pgfcoreshade.code.tex 2013/07/15  (rcs-revision 1.15)
\pgf@max=\dimen152
\pgf@sys@shading@range@num=\count117
)
(/usr/local/texlive/2016/texmf-dist/tex/generic/pgf/basiclayer/pgfcoreimage.cod
e.tex
File: pgfcoreimage.code.tex 2013/07/15  (rcs-revision 1.18)

(/usr/local/texlive/2016/texmf-dist/tex/generic/pgf/basiclayer/pgfcoreexternal.
code.tex
File: pgfcoreexternal.code.tex 2014/07/09  (rcs-revision 1.21)
\pgfexternal@startupbox=\box34
))
(/usr/local/texlive/2016/texmf-dist/tex/generic/pgf/basiclayer/pgfcorelayers.co
de.tex
File: pgfcorelayers.code.tex 2013/07/18  (rcs-revision 1.7)
)
(/usr/local/texlive/2016/texmf-dist/tex/generic/pgf/basiclayer/pgfcoretranspare
ncy.code.tex
File: pgfcoretransparency.code.tex 2013/09/30  (rcs-revision 1.5)
)
(/usr/local/texlive/2016/texmf-dist/tex/generic/pgf/basiclayer/pgfcorepatterns.
code.tex
File: pgfcorepatterns.code.tex 2013/11/07  (rcs-revision 1.5)
)))
(/usr/local/texlive/2016/texmf-dist/tex/generic/pgf/modules/pgfmoduleshapes.cod
e.tex
File: pgfmoduleshapes.code.tex 2014/03/21  (rcs-revision 1.35)
\pgfnodeparttextbox=\box35
)
(/usr/local/texlive/2016/texmf-dist/tex/generic/pgf/modules/pgfmoduleplot.code.
tex
File: pgfmoduleplot.code.tex 2015/08/03  (rcs-revision 1.13)
)
(/usr/local/texlive/2016/texmf-dist/tex/latex/pgf/compatibility/pgfcomp-version
-0-65.sty
Package: pgfcomp-version-0-65 2007/07/03 v3.0.1a (rcs-revision 1.7)
\pgf@nodesepstart=\dimen153
\pgf@nodesepend=\dimen154
)
(/usr/local/texlive/2016/texmf-dist/tex/latex/pgf/compatibility/pgfcomp-version
-1-18.sty
Package: pgfcomp-version-1-18 2007/07/23 v3.0.1a (rcs-revision 1.1)
))
(/usr/local/texlive/2016/texmf-dist/tex/latex/pgf/utilities/pgffor.sty
(/usr/local/texlive/2016/texmf-dist/tex/latex/pgf/utilities/pgfkeys.sty
(/usr/local/texlive/2016/texmf-dist/tex/generic/pgf/utilities/pgfkeys.code.tex)
) (/usr/local/texlive/2016/texmf-dist/tex/latex/pgf/math/pgfmath.sty
(/usr/local/texlive/2016/texmf-dist/tex/generic/pgf/math/pgfmath.code.tex))
(/usr/local/texlive/2016/texmf-dist/tex/generic/pgf/utilities/pgffor.code.tex
Package: pgffor 2013/12/13 v3.0.1a (rcs-revision 1.25)

(/usr/local/texlive/2016/texmf-dist/tex/generic/pgf/math/pgfmath.code.tex)
\pgffor@iter=\dimen155
\pgffor@skip=\dimen156
\pgffor@stack=\toks36
\pgffor@toks=\toks37
))
(/usr/local/texlive/2016/texmf-dist/tex/generic/pgf/frontendlayer/tikz/tikz.cod
e.tex
Package: tikz 2015/08/07 v3.0.1a (rcs-revision 1.151)

(/usr/local/texlive/2016/texmf-dist/tex/generic/pgf/libraries/pgflibraryplothan
dlers.code.tex
File: pgflibraryplothandlers.code.tex 2013/08/31 v3.0.1a (rcs-revision 1.20)
\pgf@plot@mark@count=\count118
\pgfplotmarksize=\dimen157
)
\tikz@lastx=\dimen158
\tikz@lasty=\dimen159
\tikz@lastxsaved=\dimen160
\tikz@lastysaved=\dimen161
\tikzleveldistance=\dimen162
\tikzsiblingdistance=\dimen163
\tikz@figbox=\box36
\tikz@figbox@bg=\box37
\tikz@tempbox=\box38
\tikz@tempbox@bg=\box39
\tikztreelevel=\count119
\tikznumberofchildren=\count120
\tikznumberofcurrentchild=\count121
\tikz@fig@count=\count122

(/usr/local/texlive/2016/texmf-dist/tex/generic/pgf/modules/pgfmodulematrix.cod
e.tex
File: pgfmodulematrix.code.tex 2013/09/17  (rcs-revision 1.8)
\pgfmatrixcurrentrow=\count123
\pgfmatrixcurrentcolumn=\count124
\pgf@matrix@numberofcolumns=\count125
)
\tikz@expandcount=\count126

(/usr/local/texlive/2016/texmf-dist/tex/generic/pgf/frontendlayer/tikz/librarie
s/tikzlibrarytopaths.code.tex
File: tikzlibrarytopaths.code.tex 2008/06/17 v3.0.1a (rcs-revision 1.2)
)))
(/usr/local/texlive/2016/texmf-dist/tex/generic/pgf/frontendlayer/tikz/librarie
s/tikzlibrarypositioning.code.tex
File: tikzlibrarypositioning.code.tex 2008/10/06 v3.0.1a (rcs-revision 1.7)
)
(/usr/local/texlive/2016/texmf-dist/tex/latex/tools/calc.sty
Package: calc 2014/10/28 v4.3 Infix arithmetic (KKT,FJ)
\calc@Acount=\count127
\calc@Bcount=\count128
\calc@Adimen=\dimen164
\calc@Bdimen=\dimen165
\calc@Askip=\skip64
\calc@Bskip=\skip65
LaTeX Info: Redefining \setlength on input line 80.
LaTeX Info: Redefining \addtolength on input line 81.
\calc@Ccount=\count129
\calc@Cskip=\skip66
)
\c@@todonotes@numberoftodonotes=\count130
)
(./saccadicBiases.aux)
\openout1 = `saccadicBiases.aux'.

LaTeX Font Info:    Checking defaults for OML/cmm/m/it on input line 35.
LaTeX Font Info:    ... okay on input line 35.
LaTeX Font Info:    Checking defaults for T1/cmr/m/n on input line 35.
LaTeX Font Info:    ... okay on input line 35.
LaTeX Font Info:    Checking defaults for OT1/cmr/m/n on input line 35.
LaTeX Font Info:    ... okay on input line 35.
LaTeX Font Info:    Checking defaults for OMS/cmsy/m/n on input line 35.
LaTeX Font Info:    ... okay on input line 35.
LaTeX Font Info:    Checking defaults for OMX/cmex/m/n on input line 35.
LaTeX Font Info:    ... okay on input line 35.
LaTeX Font Info:    Checking defaults for U/cmr/m/n on input line 35.
LaTeX Font Info:    ... okay on input line 35.
LaTeX Font Info:    Checking defaults for FML/futm/m/it on input line 35.
LaTeX Font Info:    Try loading font information for FML+futm on input line 35.


(/usr/local/texlive/2016/texmf-dist/tex/latex/fourier/fmlfutm.fd
File: fmlfutm.fd 2004/10/30 Fontinst v1.926 font definitions for FML/futm.
)
LaTeX Font Info:    ... okay on input line 35.
LaTeX Font Info:    Checking defaults for FMS/futm/m/n on input line 35.
LaTeX Font Info:    Try loading font information for FMS+futm on input line 35.


(/usr/local/texlive/2016/texmf-dist/tex/latex/fourier/fmsfutm.fd
File: fmsfutm.fd 2004/10/30 Fontinst v1.926 font definitions for FMS/futm.
)
LaTeX Font Info:    ... okay on input line 35.
LaTeX Font Info:    Checking defaults for FMX/futm/m/n on input line 35.
LaTeX Font Info:    Try loading font information for FMX+futm on input line 35.


(/usr/local/texlive/2016/texmf-dist/tex/latex/fourier/fmxfutm.fd
File: fmxfutm.fd futm-extension
)
LaTeX Font Info:    ... okay on input line 35.
LaTeX Font Info:    Checking defaults for TS1/cmr/m/n on input line 35.
LaTeX Font Info:    Try loading font information for TS1+cmr on input line 35.

(/usr/local/texlive/2016/texmf-dist/tex/latex/base/ts1cmr.fd
File: ts1cmr.fd 2014/09/29 v2.5h Standard LaTeX font definitions
)
LaTeX Font Info:    ... okay on input line 35.
LaTeX Font Info:    Try loading font information for T1+futs on input line 35.

(/usr/local/texlive/2016/texmf-dist/tex/latex/fourier/t1futs.fd
File: t1futs.fd 2004/03/02 Fontinst v1.926 font definitions for T1/futs.
)
(/usr/local/texlive/2016/texmf-dist/tex/context/base/mkii/supp-pdf.mkii
[Loading MPS to PDF converter (version 2006.09.02).]
\scratchcounter=\count131
\scratchdimen=\dimen166
\scratchbox=\box40
\nofMPsegments=\count132
\nofMParguments=\count133
\everyMPshowfont=\toks38
\MPscratchCnt=\count134
\MPscratchDim=\dimen167
\MPnumerator=\count135
\makeMPintoPDFobject=\count136
\everyMPtoPDFconversion=\toks39
) (/usr/local/texlive/2016/texmf-dist/tex/generic/oberdiek/pdftexcmds.sty
Package: pdftexcmds 2016/05/10 v0.21 Utility functions of pdfTeX for LuaTeX (HO
)

(/usr/local/texlive/2016/texmf-dist/tex/generic/oberdiek/ifluatex.sty
Package: ifluatex 2016/05/16 v1.4 Provides the ifluatex switch (HO)
Package ifluatex Info: LuaTeX not detected.
)
Package pdftexcmds Info: LuaTeX not detected.
Package pdftexcmds Info: \pdf@primitive is available.
Package pdftexcmds Info: \pdf@ifprimitive is available.
Package pdftexcmds Info: \pdfdraftmode found.
)
(/usr/local/texlive/2016/texmf-dist/tex/latex/oberdiek/epstopdf-base.sty
Package: epstopdf-base 2016/05/15 v2.6 Base part for package epstopdf

(/usr/local/texlive/2016/texmf-dist/tex/latex/oberdiek/grfext.sty
Package: grfext 2016/05/16 v1.2 Manage graphics extensions (HO)

(/usr/local/texlive/2016/texmf-dist/tex/generic/oberdiek/kvdefinekeys.sty
Package: kvdefinekeys 2016/05/16 v1.4 Define keys (HO)
))
(/usr/local/texlive/2016/texmf-dist/tex/latex/oberdiek/kvoptions.sty
Package: kvoptions 2016/05/16 v3.12 Key value format for package options (HO)

(/usr/local/texlive/2016/texmf-dist/tex/generic/oberdiek/kvsetkeys.sty
Package: kvsetkeys 2016/05/16 v1.17 Key value parser (HO)

(/usr/local/texlive/2016/texmf-dist/tex/generic/oberdiek/etexcmds.sty
Package: etexcmds 2016/05/16 v1.6 Avoid name clashes with e-TeX commands (HO)
Package etexcmds Info: Could not find \expanded.
(etexcmds)             That can mean that you are not using pdfTeX 1.50 or
(etexcmds)             that some package has redefined \expanded.
(etexcmds)             In the latter case, load this package earlier.
)))
Package grfext Info: Graphics extension search list:
(grfext)             [.png,.pdf,.jpg,.mps,.jpeg,.jbig2,.jb2,.PNG,.PDF,.JPG,.JPE
G,.JBIG2,.JB2,.eps]
(grfext)             \AppendGraphicsExtensions on input line 456.

(/usr/local/texlive/2016/texmf-dist/tex/latex/latexconfig/epstopdf-sys.cfg
File: epstopdf-sys.cfg 2010/07/13 v1.3 Configuration of (r)epstopdf for TeX Liv
e
))
ABD: EveryShipout initializing macros
LaTeX Font Info:    Try loading font information for FML+futmi on input line 42
.

(/usr/local/texlive/2016/texmf-dist/tex/latex/fourier/fmlfutmi.fd
File: fmlfutmi.fd 2004/10/30 Fontinst v1.926 font definitions for FML/futmi.
)
LaTeX Font Info:    Font shape `FMX/futm/m/n' will be
(Font)              scaled to size 11.03998pt on input line 42.
LaTeX Font Info:    Font shape `FMX/futm/m/n' will be
(Font)              scaled to size 8.27998pt on input line 42.
LaTeX Font Info:    Font shape `FMX/futm/m/n' will be
(Font)              scaled to size 6.43999pt on input line 42.
LaTeX Font Info:    Font shape `U/futm/m/n' will be
(Font)              scaled to size 11.03998pt on input line 42.
LaTeX Font Info:    Font shape `U/futm/m/n' will be
(Font)              scaled to size 8.27998pt on input line 42.
LaTeX Font Info:    Font shape `U/futm/m/n' will be
(Font)              scaled to size 6.43999pt on input line 42.
LaTeX Font Info:    Try loading font information for U+msa on input line 42.

(/usr/local/texlive/2016/texmf-dist/tex/latex/amsfonts/umsa.fd
File: umsa.fd 2013/01/14 v3.01 AMS symbols A
)
LaTeX Font Info:    Try loading font information for U+msb on input line 42.

(/usr/local/texlive/2016/texmf-dist/tex/latex/amsfonts/umsb.fd
File: umsb.fd 2013/01/14 v3.01 AMS symbols B
)
LaTeX Font Info:    Font shape `T1/futs/bx/n' in size <10> not available
(Font)              Font shape `T1/futs/b/n' tried instead on input line 42.
LaTeX Font Info:    Font shape `FMX/futm/m/n' will be
(Font)              scaled to size 9.19998pt on input line 42.
LaTeX Font Info:    Font shape `FMX/futm/m/n' will be
(Font)              scaled to size 6.99199pt on input line 42.
LaTeX Font Info:    Font shape `FMX/futm/m/n' will be
(Font)              scaled to size 5.51999pt on input line 42.
LaTeX Font Info:    Font shape `U/futm/m/n' will be
(Font)              scaled to size 9.19998pt on input line 42.
LaTeX Font Info:    Font shape `U/futm/m/n' will be
(Font)              scaled to size 6.99199pt on input line 42.
LaTeX Font Info:    Font shape `U/futm/m/n' will be
(Font)              scaled to size 5.51999pt on input line 42.

(./Introduction.tex
LaTeX Font Info:    Font shape `T1/futs/bx/n' in size <14.4> not available
(Font)              Font shape `T1/futs/b/n' tried instead on input line 2.
LaTeX Font Info:    Font shape `T1/futs/bx/n' in size <12> not available
(Font)              Font shape `T1/futs/b/n' tried instead on input line 8.
LaTeX Font Info:    Font shape `FMX/futm/m/n' will be
(Font)              scaled to size 10.07397pt on input line 11.
LaTeX Font Info:    Font shape `FMX/futm/m/n' will be
(Font)              scaled to size 7.63599pt on input line 11.
LaTeX Font Info:    Font shape `U/futm/m/n' will be
(Font)              scaled to size 10.07397pt on input line 11.
LaTeX Font Info:    Font shape `U/futm/m/n' will be
(Font)              scaled to size 7.63599pt on input line 11.
 [1{/usr/local/texlive/2016/texmf-var/fonts/map/pdftex/updmap/pdftex.map}


]
Underfull \hbox (badness 1983) in paragraph at lines 13--14
\T1/futs/m/n/10.95 ity over the vi-sual field for a wide range of
 []


Underfull \hbox (badness 1661) in paragraph at lines 17--18
\T1/futs/m/n/10.95 to Clarke et al. [in press] while in-ves-ti-gat-ing
 []


Underfull \hbox (badness 1178) in paragraph at lines 17--18
\T1/futs/m/n/10.95 bi-ases. Both their model and the Stochas-tic
 []

[2]
<../scripts/heatmaps/SaccadicFlowMaps/Figures/BBias_11.pdf, id=16, 578.16pt x 4
33.62pt>
File: ../scripts/heatmaps/SaccadicFlowMaps/Figures/BBias_11.pdf Graphic file (t
ype pdf)
 <use ../scripts/heatmaps/SaccadicFlowMaps/Figures/BBias_11.pdf>
Package pdftex.def Info: ../scripts/heatmaps/SaccadicFlowMaps/Figures/BBias_11.
pdf used on input line 22.
(pdftex.def)             Requested size: 71.13188pt x 53.34883pt.

<../scripts/heatmaps/SaccadicFlowMaps/Figures/BBias_12.pdf, id=17, 578.16pt x 4
33.62pt>
File: ../scripts/heatmaps/SaccadicFlowMaps/Figures/BBias_12.pdf Graphic file (t
ype pdf)
 <use ../scripts/heatmaps/SaccadicFlowMaps/Figures/BBias_12.pdf>
Package pdftex.def Info: ../scripts/heatmaps/SaccadicFlowMaps/Figures/BBias_12.
pdf used on input line 23.
(pdftex.def)             Requested size: 71.13188pt x 53.34883pt.

<../scripts/heatmaps/SaccadicFlowMaps/Figures/BBias_13.pdf, id=18, 578.16pt x 4
33.62pt>
File: ../scripts/heatmaps/SaccadicFlowMaps/Figures/BBias_13.pdf Graphic file (t
ype pdf)
 <use ../scripts/heatmaps/SaccadicFlowMaps/Figures/BBias_13.pdf>
Package pdftex.def Info: ../scripts/heatmaps/SaccadicFlowMaps/Figures/BBias_13.
pdf used on input line 24.
(pdftex.def)             Requested size: 71.13188pt x 53.34883pt.

<../scripts/heatmaps/SaccadicFlowMaps/Figures/BBias_21.pdf, id=19, 578.16pt x 4
33.62pt>
File: ../scripts/heatmaps/SaccadicFlowMaps/Figures/BBias_21.pdf Graphic file (t
ype pdf)
 <use ../scripts/heatmaps/SaccadicFlowMaps/Figures/BBias_21.pdf>
Package pdftex.def Info: ../scripts/heatmaps/SaccadicFlowMaps/Figures/BBias_21.
pdf used on input line 25.
(pdftex.def)             Requested size: 71.13188pt x 53.34883pt.

<../scripts/heatmaps/SaccadicFlowMaps/Figures/BBias_22.pdf, id=20, 578.16pt x 4
33.62pt>
File: ../scripts/heatmaps/SaccadicFlowMaps/Figures/BBias_22.pdf Graphic file (t
ype pdf)
 <use ../scripts/heatmaps/SaccadicFlowMaps/Figures/BBias_22.pdf>
Package pdftex.def Info: ../scripts/heatmaps/SaccadicFlowMaps/Figures/BBias_22.
pdf used on input line 26.
(pdftex.def)             Requested size: 71.13188pt x 53.34883pt.

<../scripts/heatmaps/SaccadicFlowMaps/Figures/BBias_23.pdf, id=21, 578.16pt x 4
33.62pt>
File: ../scripts/heatmaps/SaccadicFlowMaps/Figures/BBias_23.pdf Graphic file (t
ype pdf)
 <use ../scripts/heatmaps/SaccadicFlowMaps/Figures/BBias_23.pdf>
Package pdftex.def Info: ../scripts/heatmaps/SaccadicFlowMaps/Figures/BBias_23.
pdf used on input line 27.
(pdftex.def)             Requested size: 71.13188pt x 53.34883pt.

<../scripts/heatmaps/SaccadicFlowMaps/Figures/BBias_31.pdf, id=22, 578.16pt x 4
33.62pt>
File: ../scripts/heatmaps/SaccadicFlowMaps/Figures/BBias_31.pdf Graphic file (t
ype pdf)
 <use ../scripts/heatmaps/SaccadicFlowMaps/Figures/BBias_31.pdf>
Package pdftex.def Info: ../scripts/heatmaps/SaccadicFlowMaps/Figures/BBias_31.
pdf used on input line 28.
(pdftex.def)             Requested size: 71.13188pt x 53.34883pt.

<../scripts/heatmaps/SaccadicFlowMaps/Figures/BBias_32.pdf, id=23, 578.16pt x 4
33.62pt>
File: ../scripts/heatmaps/SaccadicFlowMaps/Figures/BBias_32.pdf Graphic file (t
ype pdf)
 <use ../scripts/heatmaps/SaccadicFlowMaps/Figures/BBias_32.pdf>
Package pdftex.def Info: ../scripts/heatmaps/SaccadicFlowMaps/Figures/BBias_32.
pdf used on input line 29.
(pdftex.def)             Requested size: 71.13188pt x 53.34883pt.

<../scripts/heatmaps/SaccadicFlowMaps/Figures/BBias_33.pdf, id=24, 578.16pt x 4
33.62pt>
File: ../scripts/heatmaps/SaccadicFlowMaps/Figures/BBias_33.pdf Graphic file (t
ype pdf)
 <use ../scripts/heatmaps/SaccadicFlowMaps/Figures/BBias_33.pdf>
Package pdftex.def Info: ../scripts/heatmaps/SaccadicFlowMaps/Figures/BBias_33.
pdf used on input line 30.
(pdftex.def)             Requested size: 71.13188pt x 53.34883pt.

Underfull \hbox (badness 5681) in paragraph at lines 39--40
\T1/futs/m/n/10.95 2003, Clarke and Tatler, 2014, Tatler, 2007,
 []

[3 <../scripts/heatmaps/SaccadicFlowMaps/Figures/BBias_11.pdf> <../scripts/heat
maps/SaccadicFlowMaps/Figures/BBias_12.pdf> <../scripts/heatmaps/SaccadicFlowMa
ps/Figures/BBias_13.pdf> <../scripts/heatmaps/SaccadicFlowMaps/Figures/BBias_21
.pdf> <../scripts/heatmaps/SaccadicFlowMaps/Figures/BBias_22.pdf> <../scripts/h
eatmaps/SaccadicFlowMaps/Figures/BBias_23.pdf> <../scripts/heatmaps/SaccadicFlo
wMaps/Figures/BBias_31.pdf> <../scripts/heatmaps/SaccadicFlowMaps/Figures/BBias
_32.pdf> <../scripts/heatmaps/SaccadicFlowMaps/Figures/BBias_33.pdf>]
Underfull \hbox (badness 1997) in paragraph at lines 48--49
\T1/futs/m/n/10.95 Foul-sham, King-stone, and Un-der-wood, 2008,
 []


Underfull \hbox (badness 1019) in paragraph at lines 48--49
\T1/futs/m/n/10.95 ex-pe-ri-ence, and there-fore demon-strate an in-
 []


Underfull \hbox (badness 1009) in paragraph at lines 50--51
\T1/futs/m/n/10.95 a marked ef-fect on sac-cade di-rec-tions dur-ing
 []


Underfull \hbox (badness 2680) in paragraph at lines 52--53
\T1/futs/m/n/10.95 by an in-crease in fix-a-tion du-ra-tions, and is
 []

[4]) (./ModellingFlow.tex
Underfull \hbox (badness 1038) in paragraph at lines 63--1
[]\T1/futs/m/n/10.95 In Sec-tion 2[] we de-scribe the sac-cadic flow
 []

LaTeX Font Info:    Font shape `T1/futs/bx/n' in size <10.95> not available
(Font)              Font shape `T1/futs/b/n' tried instead on input line 15.
[5]
LaTeX Font Info:    Try loading font information for TS1+futs on input line 23.

 (/usr/local/texlive/2016/texmf-dist/tex/latex/fourier/ts1futs.fd
File: ts1futs.fd 2004/03/26 Fontinst v1.926 font definitions for TS1/futs.
)
Underfull \hbox (badness 5970) in paragraph at lines 23--24
\T1/futs/m/n/10.95 from 16 ob-servers view-ing 500 nat-u-ral
 []


Underfull \hbox (badness 4156) in paragraph at lines 27--28
[]\T1/futs/m/n/10.95 Greene, Liu, and Wolfe [2012] re-leased
 []


Underfull \hbox (badness 10000) in paragraph at lines 27--28
\T1/futs/m/n/10.95 a dataset of ob-servers view-ing square
 []


Underfull \hbox (badness 2326) in paragraph at lines 29--31
\T1/futs/m/n/10.95 large ($\FMS/futm/m/n/10.95 ^^Y \T1/futs/m/n/10.95 650\FML/f
utmi/m/it/10.95 ; \T1/futs/m/n/10.95 000$ fix-a-tions, 2000 im-ages)
 []


Underfull \hbox (badness 1337) in paragraph at lines 44--46
\T1/futs/m/n/10.95 will up-date the cen-tral bias from Clarke and
 []

[6]
<../scripts/leftVright/graphs/leftrightbias.pdf, id=74, 216.81pt x 216.81pt>
File: ../scripts/leftVright/graphs/leftrightbias.pdf Graphic file (type pdf)

<use ../scripts/leftVright/graphs/leftrightbias.pdf>
Package pdftex.def Info: ../scripts/leftVright/graphs/leftrightbias.pdf used on
 input line 53.
(pdftex.def)             Requested size: 108.12054pt x 108.12021pt.

<../scripts/leftVright/graphs/updownbias.pdf, id=75, 216.81pt x 216.81pt>
File: ../scripts/leftVright/graphs/updownbias.pdf Graphic file (type pdf)

<use ../scripts/leftVright/graphs/updownbias.pdf>
Package pdftex.def Info: ../scripts/leftVright/graphs/updownbias.pdf used on in
put line 54.
(pdftex.def)             Requested size: 108.12054pt x 108.12021pt.

Underfull \vbox (badness 1990) has occurred while \output is active []

LaTeX Font Info:    Try loading font information for T1+cmtt on input line 67.

(/usr/local/texlive/2016/texmf-dist/tex/latex/base/t1cmtt.fd
File: t1cmtt.fd 2014/09/29 v2.5h Standard LaTeX font definitions
)
<../scripts/flow/figs/NparamsChagingOverSpace_ALL_tN.pdf, id=76, 867.24pt x 289
.08pt>
File: ../scripts/flow/figs/NparamsChagingOverSpace_ALL_tN.pdf Graphic file (typ
e pdf)
 <use ../scripts/flow/figs/NparamsChagingOverSpace_ALL_tN.pdf>
Package pdftex.def Info: ../scripts/flow/figs/NparamsChagingOverSpace_ALL_tN.pd
f used on input line 73.
(pdftex.def)             Requested size: 369.88582pt x 123.29626pt.
LaTeX Font Info:    Font shape `T1/futs/bx/n' in size <8.3> not available
(Font)              Font shape `T1/futs/b/n' tried instead on input line 78.
LaTeX Font Info:    Font shape `T1/futs/bx/n' in size <6> not available
(Font)              Font shape `T1/futs/b/n' tried instead on input line 78.
 [7 <../scripts/leftVright/graphs/leftrightbias.pdf> <../scripts/leftVright/gra
phs/updownbias.pdf>]
Underfull \hbox (badness 1194) in paragraph at lines 82--83
\T1/futs/b/n/10.95 pare how well the dif-fer-ent mod-els out per-
 []

<../scripts/flow/figs/llh_training.pdf, id=94, 433.62pt x 650.43pt>
File: ../scripts/flow/figs/llh_training.pdf Graphic file (type pdf)

<use ../scripts/flow/figs/llh_training.pdf>
Package pdftex.def Info: ../scripts/flow/figs/llh_training.pdf used on input li
ne 88.
(pdftex.def)             Requested size: 199.16928pt x 298.7548pt.

<../scripts/flow/figs/llh_testing.pdf, id=95, 433.62pt x 325.215pt>
File: ../scripts/flow/figs/llh_testing.pdf Graphic file (type pdf)

<use ../scripts/flow/figs/llh_testing.pdf>
Package pdftex.def Info: ../scripts/flow/figs/llh_testing.pdf used on input lin
e 89.
(pdftex.def)             Requested size: 199.16928pt x 149.3774pt.

<../scripts/flow/figs/llh_training_ROC.pdf, id=96, 722.7pt x 433.62pt>
File: ../scripts/flow/figs/llh_training_ROC.pdf Graphic file (type pdf)

<use ../scripts/flow/figs/llh_training_ROC.pdf>
Package pdftex.def Info: ../scripts/flow/figs/llh_training_ROC.pdf used on inpu
t line 96.
(pdftex.def)             Requested size: 341.43306pt x 204.86006pt.

<../scripts/flow/figs/llh_testing_ROC.pdf, id=97, 722.7pt x 216.81pt>
File: ../scripts/flow/figs/llh_testing_ROC.pdf Graphic file (type pdf)

<use ../scripts/flow/figs/llh_testing_ROC.pdf>
Package pdftex.def Info: ../scripts/flow/figs/llh_testing_ROC.pdf used on input
 line 97.
(pdftex.def)             Requested size: 341.43306pt x 102.43002pt.

<../scripts/inverseYarbus/kLLH.pdf, id=98, 361.35pt x 361.35pt>
File: ../scripts/inverseYarbus/kLLH.pdf Graphic file (type pdf)

<use ../scripts/inverseYarbus/kLLH.pdf>
Package pdftex.def Info: ../scripts/inverseYarbus/kLLH.pdf used on input line 1
10.
(pdftex.def)             Requested size: 142.26378pt x 142.26578pt.

<../scripts/inverseYarbus/millsLLH.pdf, id=99, 361.35pt x 361.35pt>
File: ../scripts/inverseYarbus/millsLLH.pdf Graphic file (type pdf)

<use ../scripts/inverseYarbus/millsLLH.pdf>
Package pdftex.def Info: ../scripts/inverseYarbus/millsLLH.pdf used on input li
ne 111.
(pdftex.def)             Requested size: 142.26378pt x 142.26578pt.
 [8 <../scripts/flow/figs/NparamsChagingOverSpace_ALL_tN.pdf>]) (./UsingFlow.te
x [9 <../scripts/flow/figs/llh_training.pdf> <../scripts/flow/figs/llh_testing.
pdf>] [10 <../scripts/flow/figs/llh_training_ROC.pdf> <../scripts/flow/figs/llh
_testing_ROC.pdf> <../scripts/inverseYarbus/kLLH.pdf> <../scripts/inverseYarbus
/millsLLH.pdf>]
<figs/heatmap_figure.pdf, id=150, 1462.26305pt x 943.36443pt>
File: figs/heatmap_figure.pdf Graphic file (type pdf)

<use figs/heatmap_figure.pdf>
Package pdftex.def Info: figs/heatmap_figure.pdf used on input line 15.
(pdftex.def)             Requested size: 369.88582pt x 238.61867pt.

Underfull \hbox (badness 1675) in paragraph at lines 23--24
\T1/futs/m/n/10.95 ever, these ar-eas are still rep-re-sented as ob-
 []


Underfull \hbox (badness 10000) in paragraph at lines 25--25
[]\T1/futs/b/n/12 Removing bi-ases when ex-am-in-ing
 []


Underfull \hbox (badness 5316) in paragraph at lines 27--28
\T1/futs/m/n/10.95 a-bil-ity that they were gen-er-ated by image-
 []


Underfull \hbox (badness 1831) in paragraph at lines 29--30
\T1/futs/m/n/10.95 per-form-ing salience mod-els ac-cord-ing to the
 []

[11]
Underfull \hbox (badness 1490) in paragraph at lines 31--32
\T1/futs/m/n/10.95 cades be-ing less likely to be to a salient re-
 []


Underfull \vbox (badness 10000) has occurred while \output is active []

 [12 <./figs/heatmap_figure.pdf>] <figs/SaccadeSaliency.pdf, id=167, 289.08pt x
 505.89pt>
File: figs/SaccadeSaliency.pdf Graphic file (type pdf)

<use figs/SaccadeSaliency.pdf>
Package pdftex.def Info: figs/SaccadeSaliency.pdf used on input line 37.
(pdftex.def)             Requested size: 221.0pt x 386.74985pt.

<figs/DownLeft.png, id=168, 578.16pt x 433.62pt>
File: figs/DownLeft.png Graphic file (type png)
 <use figs/DownLeft.png>
Package pdftex.def Info: figs/DownLeft.png used on input line 51.
(pdftex.def)             Requested size: 119.50148pt x 89.62048pt.

<figs/Center.png, id=169, 578.16pt x 433.62pt>
File: figs/Center.png Graphic file (type png)
 <use figs/Center.png>
Package pdftex.def Info: figs/Center.png used on input line 52.
(pdftex.def)             Requested size: 119.50148pt x 89.62048pt.

<figs/UpRight.png, id=170, 578.16pt x 433.62pt>
File: figs/UpRight.png Graphic file (type png)
 <use figs/UpRight.png>
Package pdftex.def Info: figs/UpRight.png used on input line 53.
(pdftex.def)             Requested size: 119.50148pt x 89.62048pt.

Underfull \hbox (badness 1838) in paragraph at lines 60--61
[]\T1/futs/m/n/10.95 When com-pared to the em-pir-i-cal dis-tri-bu-
 []

[13 <./figs/SaccadeSaliency.pdf>]
Underfull \hbox (badness 1490) in paragraph at lines 62--63
[]\T1/futs/m/n/10.95 Another dis-crep-ancy be-tween the syn-thetic
 []

<../scripts/coarse2fine/figs/xFixComparison.pdf, id=181, 216.81pt x 216.81pt>
File: ../scripts/coarse2fine/figs/xFixComparison.pdf Graphic file (type pdf)

<use ../scripts/coarse2fine/figs/xFixComparison.pdf>
Package pdftex.def Info: ../scripts/coarse2fine/figs/xFixComparison.pdf used on
 input line 67.
(pdftex.def)             Requested size: 108.12054pt x 108.12021pt.

<../scripts/coarse2fine/figs/yFixComparison.pdf, id=182, 216.81pt x 216.81pt>
File: ../scripts/coarse2fine/figs/yFixComparison.pdf Graphic file (type pdf)

<use ../scripts/coarse2fine/figs/yFixComparison.pdf>
Package pdftex.def Info: ../scripts/coarse2fine/figs/yFixComparison.pdf used on
 input line 68.
(pdftex.def)             Requested size: 108.12054pt x 108.12021pt.

<../scripts/coarse2fine/figs/ampSaccComparison.pdf, id=183, 216.81pt x 216.81pt
>
File: ../scripts/coarse2fine/figs/ampSaccComparison.pdf Graphic file (type pdf)

 <use ../scripts/coarse2fine/figs/ampSaccComparison.pdf>
Package pdftex.def Info: ../scripts/coarse2fine/figs/ampSaccComparison.pdf used
 on input line 69.
(pdftex.def)             Requested size: 108.12054pt x 108.12021pt.

<../scripts/coarse2fine/figs/saccAmpOverTimeFlow.pdf, id=184, 216.81pt x 216.81
pt>
File: ../scripts/coarse2fine/figs/saccAmpOverTimeFlow.pdf Graphic file (type pd
f)
 <use ../scripts/coarse2fine/figs/saccAmpOverTimeFlow.pdf>
Package pdftex.def Info: ../scripts/coarse2fine/figs/saccAmpOverTimeFlow.pdf us
ed on input line 70.
(pdftex.def)             Requested size: 108.12054pt x 108.12021pt.
)
Underfull \hbox (badness 2591) in paragraph at lines 81--47
\T1/futs/m/n/10.95 We have demon-strated dif-fer-ent ways bi-ases
 []


Underfull \hbox (badness 1377) in paragraph at lines 50--51
\T1/futs/m/n/10.95 2009]. We pro-pose the sac-cadic flow model
 []


Underfull \hbox (badness 1881) in paragraph at lines 50--51
\T1/futs/m/n/10.95 as a ro-bust prior for the image-independent
 []


Underfull \vbox (badness 10000) has occurred while \output is active []

 [14 <./figs/DownLeft.png (PNG copy)> <./figs/Center.png (PNG copy)> <./figs/Up
Right.png (PNG copy)>]
Underfull \hbox (badness 10000) in paragraph at lines 58--59
\T1/futs/m/n/10.95 Tatler and Vin-cent [2009] have pre-vi-ously
 []


Underfull \hbox (badness 3417) in paragraph at lines 58--59
\T1/futs/m/n/10.95 move-ments can ac-count for hu-man fix-a-tion
 []


Underfull \hbox (badness 2452) in paragraph at lines 58--59
\T1/futs/m/n/10.95 cen-tral bias [Tatler, 2007], whereby sac-cades
 []


Underfull \hbox (badness 2903) in paragraph at lines 58--59
\T1/futs/m/n/10.95 are likely to be di-rected to-wards the cen-tre
 []


Underfull \hbox (badness 1342) in paragraph at lines 58--59
\T1/futs/m/n/10.95 tends to lie), and sets of sac-cades gen-er-ated
 []


Underfull \hbox (badness 1038) in paragraph at lines 58--59
\T1/futs/m/n/10.95 same cen-trally bi-ased ten-den-cies as ob-served
 []


Underfull \hbox (badness 1603) in paragraph at lines 60--61
\T1/futs/m/n/10.95 cadic Flow model gen-er-alises well to un-seen
 []


Underfull \hbox (badness 1158) in paragraph at lines 60--61
\T1/futs/m/n/10.95 nat-u-ral and man-made scenes). As we move
 []


Underfull \hbox (badness 1210) in paragraph at lines 60--61
\T1/futs/m/n/10.95 as com-puter in-ter-faces, we would ex-pect the
 []

[15] (./Dataset.tex
Overfull \hbox (40.57927pt too wide) in paragraph at lines 9--30
 [][] 
 []

) <../scripts/flow/figs/llh_Borji.pdf, id=192, 867.24pt x 578.16pt>
File: ../scripts/flow/figs/llh_Borji.pdf Graphic file (type pdf)

<use ../scripts/flow/figs/llh_Borji.pdf>
Package pdftex.def Info: ../scripts/flow/figs/llh_Borji.pdf used on input line 
87.
(pdftex.def)             Requested size: 369.88582pt x 246.59253pt.
 (./saccadicBiases.bbl [16] [17]
Underfull \hbox (badness 1281) in paragraph at lines 97--102
\T1/futs/m/n/10 Con-se-quences of an at-ten-tional bias?  \T1/futs/m/it/10 At-t
en-
 []


Underfull \hbox (badness 1057) in paragraph at lines 112--116
[]\T1/futs/m/n/10 Krista A Ehinger, Bar-bara Hidalgo-Sotelo, An-to-nio
 []


Underfull \hbox (badness 1584) in paragraph at lines 187--191
\T1/futs/m/n/10 Re-con-sid-er-ing yarbus: A fail-ure to pre-dict ob-
 []

[18]
Underfull \hbox (badness 1009) in paragraph at lines 257--261
\T1/futs/m/n/10 context-dependent and spatially-variant view-ing
 []


Underfull \hbox (badness 1400) in paragraph at lines 271--275
[]\T1/futs/m/n/10 Sooha Park Lee, Jeremy B Badler, and Nor-man I
 []


Underfull \hbox (badness 1371) in paragraph at lines 277--281
\T1/futs/m/n/10 of film and the re-la-tion-ship be-tween gaze and
 []


Underfull \hbox (badness 1609) in paragraph at lines 284--288
[]\T1/futs/m/n/10 Wei Ji Ma, Vid-hya Naval-pakkam, Jef-frey M Beck,
 []


Underfull \hbox (badness 1888) in paragraph at lines 284--288
\T1/futs/m/n/10 hav-ior and neu-ral ba-sis of near-optimal vi-sual
 []


Underfull \hbox (badness 1509) in paragraph at lines 290--294
[]\T1/futs/m/n/10 W Joseph MacInnes, Amelia R Hunt, Matthew D
 []


Underfull \hbox (badness 1173) in paragraph at lines 297--301
[]\T1/futs/m/n/10 Mark Mills, An-drew Holling-worth, Ste-fan Van der
 []

[19]
Underfull \hbox (badness 1014) in paragraph at lines 347--353
[]\T1/futs/m/n/10 Nicolas Riche, Matei Man-cas, Matthieu Duvinage,
 []


Underfull \hbox (badness 2689) in paragraph at lines 347--353
\T1/futs/m/n/10 Makiese Mibu-lu-mukini, Bernard Gos-selin, and
 []


Underfull \hbox (badness 1337) in paragraph at lines 412--418
[]\T1/futs/m/n/10 Boris M Velichkovsky, Alexan-dra Rothert, Math-ias
 []


Underfull \hbox (badness 10000) in paragraph at lines 421--425
[]\T1/futs/m/n/10 Roman von Wart-burg, Pas-cal Wurtz, To-bias
 []


Underfull \hbox (badness 6204) in paragraph at lines 421--425
\T1/futs/m/n/10 Pflugshaupt, Thomas Nyf-feler, Math-ias Luthi,
 []

) [20] [21

 <../scripts/coarse2fine/figs/xFixComparison.pdf> <../scripts/coarse2fine/figs/
yFixComparison.pdf> <../scripts/coarse2fine/figs/ampSaccComparison.pdf> <../scr
ipts/coarse2fine/figs/saccAmpOverTimeFlow.pdf>] [22 <../scripts/flow/figs/llh_B
orji.pdf>] (./saccadicBiases.aux) ) 
Here is how much of TeX's memory you used:
 15060 strings out of 493014
 290147 string characters out of 6133351
 328150 words of memory out of 5000000
 18168 multiletter control sequences out of 15000+600000
 118164 words of font info for 138 fonts, out of 8000000 for 9000
 1141 hyphenation exceptions out of 8191
 62i,11n,56p,2010b,336s stack positions out of 5000i,500n,10000p,200000b,80000s
{/usr/local/texlive/2016/texmf-dist/fonts/en
c/dvips/cm-super/cm-super-t1.enc}{/usr/local/texlive/2016/texmf-dist/fonts/enc/
dvips/base/8r.enc}</usr/local/texlive/2016/texmf-dist/fonts/type1/public/fourie
r/fourier-mlit.pfb></usr/local/texlive/2016/texmf-dist/fonts/type1/public/fouri
er/fourier-ms.pfb></usr/local/texlive/2016/texmf-dist/fonts/type1/adobe/utopia/
putb8a.pfb></usr/local/texlive/2016/texmf-dist/fonts/type1/adobe/utopia/putr8a.
pfb></usr/local/texlive/2016/texmf-dist/fonts/type1/adobe/utopia/putri8a.pfb></
usr/local/texlive/2016/texmf-dist/fonts/type1/public/cm-super/sftt1000.pfb></us
r/local/texlive/2016/texmf-dist/fonts/type1/public/cm-super/sftt1095.pfb>
Output written on saccadicBiases.pdf (22 pages, 26187955 bytes).
PDF statistics:
 268 PDF objects out of 1000 (max. 8388607)
 171 compressed objects within 2 object streams
 0 named destinations out of 1000 (max. 500000)
 153 words of extra memory for PDF output out of 10000 (max. 10000000)

