This is pdfTeX, Version 3.14159265-2.6-1.40.16 (TeX Live 2015) (preloaded format=pdflatex 2015.6.12)  25 SEP 2015 13:35
entering extended mode
 restricted \write18 enabled.
 %&-line parsing enabled.
**saccadicBiases.tex -recorder
(./saccadicBiases.tex
LaTeX2e <2015/01/01>
Babel <3.9l> and hyphenation patterns for 79 languages loaded.
(/usr/local/texlive/2015/texmf-dist/tex/latex/base/article.cls
Document Class: article 2014/09/29 v1.4h Standard LaTeX document class
(/usr/local/texlive/2015/texmf-dist/tex/latex/base/size11.clo
File: size11.clo 2014/09/29 v1.4h Standard LaTeX file (size option)
)
\c@part=\count79
\c@section=\count80
\c@subsection=\count81
\c@subsubsection=\count82
\c@paragraph=\count83
\c@subparagraph=\count84
\c@figure=\count85
\c@table=\count86
\abovecaptionskip=\skip41
\belowcaptionskip=\skip42
\bibindent=\dimen102
)
(/usr/local/texlive/2015/texmf-dist/tex/latex/cmbright/cmbright.sty
Package: cmbright 2005/04/13 v8.1 (WaS)
LaTeX Font Info:    Redeclaring symbol font `operators' on input line 29.
LaTeX Font Info:    Overwriting symbol font `operators' in version `normal'
(Font)                  OT1/cmr/m/n --> OT1/cmbr/m/n on input line 29.
LaTeX Font Info:    Overwriting symbol font `operators' in version `bold'
(Font)                  OT1/cmr/bx/n --> OT1/cmbr/m/n on input line 29.
LaTeX Font Info:    Redeclaring symbol font `letters' on input line 30.
LaTeX Font Info:    Overwriting symbol font `letters' in version `normal'
(Font)                  OML/cmm/m/it --> OML/cmbrm/m/it on input line 30.
LaTeX Font Info:    Overwriting symbol font `letters' in version `bold'
(Font)                  OML/cmm/b/it --> OML/cmbrm/m/it on input line 30.
LaTeX Font Info:    Overwriting symbol font `letters' in version `bold'
(Font)                  OML/cmbrm/m/it --> OML/cmbrm/b/it on input line 31.
LaTeX Font Info:    Redeclaring symbol font `symbols' on input line 32.
LaTeX Font Info:    Overwriting symbol font `symbols' in version `normal'
(Font)                  OMS/cmsy/m/n --> OMS/cmbrs/m/n on input line 32.
LaTeX Font Info:    Overwriting symbol font `symbols' in version `bold'
(Font)                  OMS/cmsy/b/n --> OMS/cmbrs/m/n on input line 32.
LaTeX Font Info:    Redeclaring math alphabet \mathit on input line 33.
LaTeX Font Info:    Overwriting math alphabet `\mathit' in version `normal'
(Font)                  OT1/cmr/m/it --> OT1/cmbr/m/sl on input line 33.
LaTeX Font Info:    Overwriting math alphabet `\mathit' in version `bold'
(Font)                  OT1/cmr/bx/it --> OT1/cmbr/m/sl on input line 33.
LaTeX Font Info:    Redeclaring math alphabet \mathbf on input line 34.
LaTeX Font Info:    Overwriting math alphabet `\mathbf' in version `normal'
(Font)                  OT1/cmr/bx/n --> OT1/cmbr/bx/n on input line 34.
LaTeX Font Info:    Overwriting math alphabet `\mathbf' in version `bold'
(Font)                  OT1/cmr/bx/n --> OT1/cmbr/bx/n on input line 34.
LaTeX Font Info:    Redeclaring math alphabet \mathtt on input line 35.
LaTeX Font Info:    Overwriting math alphabet `\mathtt' in version `normal'
(Font)                  OT1/cmtt/m/n --> OT1/cmtl/m/n on input line 35.
LaTeX Font Info:    Overwriting math alphabet `\mathtt' in version `bold'
(Font)                  OT1/cmtt/m/n --> OT1/cmtl/m/n on input line 35.
LaTeX Font Info:    Redeclaring math symbol \alpha on input line 37.
LaTeX Font Info:    Redeclaring math symbol \beta on input line 38.
LaTeX Font Info:    Redeclaring math symbol \gamma on input line 39.
LaTeX Font Info:    Redeclaring math symbol \delta on input line 40.
LaTeX Font Info:    Redeclaring math symbol \epsilon on input line 41.
LaTeX Font Info:    Redeclaring math symbol \zeta on input line 42.
LaTeX Font Info:    Redeclaring math symbol \eta on input line 43.
LaTeX Font Info:    Redeclaring math symbol \theta on input line 44.
LaTeX Font Info:    Redeclaring math symbol \iota on input line 45.
LaTeX Font Info:    Redeclaring math symbol \kappa on input line 46.
LaTeX Font Info:    Redeclaring math symbol \lambda on input line 47.
LaTeX Font Info:    Redeclaring math symbol \mu on input line 48.
LaTeX Font Info:    Redeclaring math symbol \nu on input line 49.
LaTeX Font Info:    Redeclaring math symbol \xi on input line 50.
LaTeX Font Info:    Redeclaring math symbol \pi on input line 51.
LaTeX Font Info:    Redeclaring math symbol \rho on input line 52.
LaTeX Font Info:    Redeclaring math symbol \sigma on input line 53.
LaTeX Font Info:    Redeclaring math symbol \tau on input line 54.
LaTeX Font Info:    Redeclaring math symbol \upsilon on input line 55.
LaTeX Font Info:    Redeclaring math symbol \phi on input line 56.
LaTeX Font Info:    Redeclaring math symbol \chi on input line 57.
LaTeX Font Info:    Redeclaring math symbol \psi on input line 58.
LaTeX Font Info:    Redeclaring math symbol \omega on input line 59.
LaTeX Font Info:    Redeclaring math symbol \varepsilon on input line 60.
LaTeX Font Info:    Redeclaring math symbol \vartheta on input line 61.
LaTeX Font Info:    Redeclaring math symbol \varpi on input line 62.
LaTeX Font Info:    Redeclaring math symbol \varrho on input line 63.
LaTeX Font Info:    Redeclaring math symbol \varsigma on input line 64.
LaTeX Font Info:    Redeclaring math symbol \varphi on input line 65.
LaTeX Info: Redefining \LaTeX on input line 129.
LaTeX Info: Redefining \LaTeXe on input line 139.
LaTeX Font Info:    Try loading font information for OT1+cmbr on input line 144
.

(/usr/local/texlive/2015/texmf-dist/tex/latex/cmbright/ot1cmbr.fd
File: ot1cmbr.fd 2005/04/13 v8.1 (WaS)
))
(/usr/local/texlive/2015/texmf-dist/tex/latex/base/fontenc.sty
Package: fontenc 2005/09/27 v1.99g Standard LaTeX package

(/usr/local/texlive/2015/texmf-dist/tex/latex/base/t1enc.def
File: t1enc.def 2005/09/27 v1.99g Standard LaTeX file
LaTeX Font Info:    Redeclaring font encoding T1 on input line 48.
)
LaTeX Font Info:    Try loading font information for T1+cmbr on input line 105.


(/usr/local/texlive/2015/texmf-dist/tex/latex/cmbright/t1cmbr.fd
File: t1cmbr.fd 2005/04/13 v8.1 (WaS)
))
(/usr/local/texlive/2015/texmf-dist/tex/generic/babel/babel.sty
Package: babel 2014/09/25 3.9l The Babel package

(/usr/local/texlive/2015/texmf-dist/tex/generic/babel-english/english.ldf
Language: english 2012/08/20 v3.3p English support from the babel system

(/usr/local/texlive/2015/texmf-dist/tex/generic/babel/babel.def
File: babel.def 2014/09/25 3.9l Babel common definitions
\babel@savecnt=\count87
\U@D=\dimen103
)
\l@canadian = a dialect from \language\l@american 
\l@australian = a dialect from \language\l@british 
\l@newzealand = a dialect from \language\l@british 
))
(/usr/local/texlive/2015/texmf-dist/tex/latex/amsfonts/amssymb.sty
Package: amssymb 2013/01/14 v3.01 AMS font symbols

(/usr/local/texlive/2015/texmf-dist/tex/latex/amsfonts/amsfonts.sty
Package: amsfonts 2013/01/14 v3.01 Basic AMSFonts support
\@emptytoks=\toks14
\symAMSa=\mathgroup4
\symAMSb=\mathgroup5
LaTeX Font Info:    Overwriting math alphabet `\mathfrak' in version `bold'
(Font)                  U/euf/m/n --> U/euf/b/n on input line 106.
))
(/usr/local/texlive/2015/texmf-dist/tex/latex/graphics/graphicx.sty
Package: graphicx 2014/10/28 v1.0g Enhanced LaTeX Graphics (DPC,SPQR)

(/usr/local/texlive/2015/texmf-dist/tex/latex/graphics/keyval.sty
Package: keyval 2014/10/28 v1.15 key=value parser (DPC)
\KV@toks@=\toks15
)
(/usr/local/texlive/2015/texmf-dist/tex/latex/graphics/graphics.sty
Package: graphics 2014/10/28 v1.0p Standard LaTeX Graphics (DPC,SPQR)

(/usr/local/texlive/2015/texmf-dist/tex/latex/graphics/trig.sty
Package: trig 1999/03/16 v1.09 sin cos tan (DPC)
)
(/usr/local/texlive/2015/texmf-dist/tex/latex/latexconfig/graphics.cfg
File: graphics.cfg 2010/04/23 v1.9 graphics configuration of TeX Live
)
Package graphics Info: Driver file: pdftex.def on input line 94.

(/usr/local/texlive/2015/texmf-dist/tex/latex/pdftex-def/pdftex.def
File: pdftex.def 2011/05/27 v0.06d Graphics/color for pdfTeX

(/usr/local/texlive/2015/texmf-dist/tex/generic/oberdiek/infwarerr.sty
Package: infwarerr 2010/04/08 v1.3 Providing info/warning/error messages (HO)
)
(/usr/local/texlive/2015/texmf-dist/tex/generic/oberdiek/ltxcmds.sty
Package: ltxcmds 2011/11/09 v1.22 LaTeX kernel commands for general use (HO)
)
\Gread@gobject=\count88
))
\Gin@req@height=\dimen104
\Gin@req@width=\dimen105
)
(/usr/local/texlive/2015/texmf-dist/tex/latex/rotating/rotating.sty
Package: rotating 2009/03/28 v2.16a rotated objects in LaTeX

(/usr/local/texlive/2015/texmf-dist/tex/latex/base/ifthen.sty
Package: ifthen 2014/09/29 v1.1c Standard LaTeX ifthen package (DPC)
)
\c@r@tfl@t=\count89
\rotFPtop=\skip43
\rotFPbot=\skip44
\rot@float@box=\box26
\rot@mess@toks=\toks16
)
(/usr/local/texlive/2015/texmf-dist/tex/latex/oberdiek/pdflscape.sty
Package: pdflscape 2008/08/11 v0.10 Display of landscape pages in PDF (HO)

(/usr/local/texlive/2015/texmf-dist/tex/latex/graphics/lscape.sty
Package: lscape 2000/10/22 v3.01 Landscape Pages (DPC)
)
(/usr/local/texlive/2015/texmf-dist/tex/generic/oberdiek/ifpdf.sty
Package: ifpdf 2011/01/30 v2.3 Provides the ifpdf switch (HO)
Package ifpdf Info: pdfTeX in PDF mode is detected.
)
Package pdflscape Info: Auto-detected driver: pdftex on input line 80.

(/usr/local/texlive/2015/texmf-dist/tex/generic/ifxetex/ifxetex.sty
Package: ifxetex 2010/09/12 v0.6 Provides ifxetex conditional
))
(/usr/local/texlive/2015/texmf-dist/tex/latex/abstract/abstract.sty
Package: abstract 2009/06/08 v1.2a configurable abstracts
\abstitleskip=\skip45
\absleftindent=\skip46
\absrightindent=\skip47
\absparindent=\skip48
\absparsep=\skip49
)
(/usr/local/texlive/2015/texmf-dist/tex/latex/xcolor/xcolor.sty
Package: xcolor 2007/01/21 v2.11 LaTeX color extensions (UK)

(/usr/local/texlive/2015/texmf-dist/tex/latex/latexconfig/color.cfg
File: color.cfg 2007/01/18 v1.5 color configuration of teTeX/TeXLive
)
Package xcolor Info: Driver file: pdftex.def on input line 225.

(/usr/local/texlive/2015/texmf-dist/tex/latex/colortbl/colortbl.sty
Package: colortbl 2012/02/13 v1.0a Color table columns (DPC)

(/usr/local/texlive/2015/texmf-dist/tex/latex/tools/array.sty
Package: array 2014/10/28 v2.4c Tabular extension package (FMi)
\col@sep=\dimen106
\extrarowheight=\dimen107
\NC@list=\toks17
\extratabsurround=\skip50
\backup@length=\skip51
)
\everycr=\toks18
\minrowclearance=\skip52
)
\rownum=\count90
Package xcolor Info: Model `cmy' substituted by `cmy0' on input line 1337.
Package xcolor Info: Model `hsb' substituted by `rgb' on input line 1341.
Package xcolor Info: Model `RGB' extended on input line 1353.
Package xcolor Info: Model `HTML' substituted by `rgb' on input line 1355.
Package xcolor Info: Model `Hsb' substituted by `hsb' on input line 1356.
Package xcolor Info: Model `tHsb' substituted by `hsb' on input line 1357.
Package xcolor Info: Model `HSB' substituted by `hsb' on input line 1358.
Package xcolor Info: Model `Gray' substituted by `gray' on input line 1359.
Package xcolor Info: Model `wave' substituted by `hsb' on input line 1360.
)
(/usr/local/texlive/2015/texmf-dist/tex/latex/natbib/natbib.sty
Package: natbib 2010/09/13 8.31b (PWD, AO)
\bibhang=\skip53
\bibsep=\skip54
LaTeX Info: Redefining \cite on input line 694.
\c@NAT@ctr=\count91
)
(/usr/local/texlive/2015/texmf-dist/tex/latex/subfigure/subfigure.sty
Package: subfigure 2002/03/15 v2.1.5 subfigure package
\subfigtopskip=\skip55
\subfigcapskip=\skip56
\subfigcaptopadj=\dimen108
\subfigbottomskip=\skip57
\subfigcapmargin=\dimen109
\subfiglabelskip=\skip58
\c@subfigure=\count92
\c@lofdepth=\count93
\c@subtable=\count94
\c@lotdepth=\count95

****************************************
* Local config file subfigure.cfg used *
****************************************
(/usr/local/texlive/2015/texmf-dist/tex/latex/subfigure/subfigure.cfg)
\subfig@top=\skip59
\subfig@bottom=\skip60
)
(/usr/local/texlive/2015/texmf-dist/tex/latex/setspace/setspace.sty
Package: setspace 2011/12/19 v6.7a set line spacing
)
(./saccadicBiases.aux)
\openout1 = `saccadicBiases.aux'.

LaTeX Font Info:    Checking defaults for OML/cmm/m/it on input line 40.
LaTeX Font Info:    ... okay on input line 40.
LaTeX Font Info:    Checking defaults for T1/cmr/m/n on input line 40.
LaTeX Font Info:    ... okay on input line 40.
LaTeX Font Info:    Checking defaults for OT1/cmr/m/n on input line 40.
LaTeX Font Info:    ... okay on input line 40.
LaTeX Font Info:    Checking defaults for OMS/cmsy/m/n on input line 40.
LaTeX Font Info:    ... okay on input line 40.
LaTeX Font Info:    Checking defaults for OMX/cmex/m/n on input line 40.
LaTeX Font Info:    ... okay on input line 40.
LaTeX Font Info:    Checking defaults for U/cmr/m/n on input line 40.
LaTeX Font Info:    ... okay on input line 40.

(/usr/local/texlive/2015/texmf-dist/tex/context/base/supp-pdf.mkii
[Loading MPS to PDF converter (version 2006.09.02).]
\scratchcounter=\count96
\scratchdimen=\dimen110
\scratchbox=\box27
\nofMPsegments=\count97
\nofMParguments=\count98
\everyMPshowfont=\toks19
\MPscratchCnt=\count99
\MPscratchDim=\dimen111
\MPnumerator=\count100
\makeMPintoPDFobject=\count101
\everyMPtoPDFconversion=\toks20
) (/usr/local/texlive/2015/texmf-dist/tex/generic/oberdiek/pdftexcmds.sty
Package: pdftexcmds 2011/11/29 v0.20 Utility functions of pdfTeX for LuaTeX (HO
)

(/usr/local/texlive/2015/texmf-dist/tex/generic/oberdiek/ifluatex.sty
Package: ifluatex 2010/03/01 v1.3 Provides the ifluatex switch (HO)
Package ifluatex Info: LuaTeX not detected.
)
Package pdftexcmds Info: LuaTeX not detected.
Package pdftexcmds Info: \pdf@primitive is available.
Package pdftexcmds Info: \pdf@ifprimitive is available.
Package pdftexcmds Info: \pdfdraftmode found.
)
(/usr/local/texlive/2015/texmf-dist/tex/latex/oberdiek/epstopdf-base.sty
Package: epstopdf-base 2010/02/09 v2.5 Base part for package epstopdf

(/usr/local/texlive/2015/texmf-dist/tex/latex/oberdiek/grfext.sty
Package: grfext 2010/08/19 v1.1 Manage graphics extensions (HO)

(/usr/local/texlive/2015/texmf-dist/tex/generic/oberdiek/kvdefinekeys.sty
Package: kvdefinekeys 2011/04/07 v1.3 Define keys (HO)
))
(/usr/local/texlive/2015/texmf-dist/tex/latex/oberdiek/kvoptions.sty
Package: kvoptions 2011/06/30 v3.11 Key value format for package options (HO)

(/usr/local/texlive/2015/texmf-dist/tex/generic/oberdiek/kvsetkeys.sty
Package: kvsetkeys 2012/04/25 v1.16 Key value parser (HO)

(/usr/local/texlive/2015/texmf-dist/tex/generic/oberdiek/etexcmds.sty
Package: etexcmds 2011/02/16 v1.5 Avoid name clashes with e-TeX commands (HO)
Package etexcmds Info: Could not find \expanded.
(etexcmds)             That can mean that you are not using pdfTeX 1.50 or
(etexcmds)             that some package has redefined \expanded.
(etexcmds)             In the latter case, load this package earlier.
)))
Package grfext Info: Graphics extension search list:
(grfext)             [.png,.pdf,.jpg,.mps,.jpeg,.jbig2,.jb2,.PNG,.PDF,.JPG,.JPE
G,.JBIG2,.JB2,.eps]
(grfext)             \AppendGraphicsExtensions on input line 452.

(/usr/local/texlive/2015/texmf-dist/tex/latex/latexconfig/epstopdf-sys.cfg
File: epstopdf-sys.cfg 2010/07/13 v1.3 Configuration of (r)epstopdf for TeX Liv
e
))
LaTeX Font Info:    Try loading font information for OML+cmbrm on input line 42
.

(/usr/local/texlive/2015/texmf-dist/tex/latex/cmbright/omlcmbrm.fd
File: omlcmbrm.fd 2005/04/13 v8.1 (WaS)
)
LaTeX Font Info:    Try loading font information for OMS+cmbrs on input line 42
.

(/usr/local/texlive/2015/texmf-dist/tex/latex/cmbright/omscmbrs.fd
File: omscmbrs.fd 2005/04/13 v8.1 (WaS)
)

Package natbib Warning: Citation `Itti:2000te' on page 1 undefined on input lin
e 58.


Package natbib Warning: Citation `Baddeley:2006wq' on page 1 undefined on input
 line 58.


Package natbib Warning: Citation `Yarbus:1967wd' on page 1 undefined on input l
ine 58.


Package natbib Warning: Citation `Buswell:1935tf' on page 1 undefined on input 
line 58.


Package natbib Warning: Citation `Land:2001uc' on page 1 undefined on input lin
e 58.


Package natbib Warning: Citation `Tatler:2008uu' on page 1 undefined on input l
ine 58.


Package natbib Warning: Citation `Tatler:2009vp' on page 1 undefined on input l
ine 58.


Package natbib Warning: Citation `Foulsham:2010fj' on page 1 undefined on input
 line 58.


Package natbib Warning: Citation `Tatler:2007hk' on page 1 undefined on input l
ine 58.


Package natbib Warning: Citation `Canosa:2003tu' on page 1 undefined on input l
ine 58.


Package natbib Warning: Citation `Tatler:2007hk' on page 1 undefined on input l
ine 61.


Package natbib Warning: Citation `Tatler:2005bw' on page 1 undefined on input l
ine 61.


Package natbib Warning: Citation `Canosa:2003tu' on page 1 undefined on input l
ine 61.


Package natbib Warning: Citation `Clarke:2014km' on page 1 undefined on input l
ine 61.


Package natbib Warning: Citation `Tseng:2009jn' on page 1 undefined on input li
ne 61.

LaTeX Font Info:    Font shape `T1/cmbr/m/it' in size <10.95> not available
(Font)              Font shape `T1/cmbr/m/sl' tried instead on input line 61.

Package natbib Warning: Citation `Fuller:1996bx' on page 1 undefined on input l
ine 61.


Package natbib Warning: Citation `Stainer:2013ce' on page 1 undefined on input 
line 61.

[1

{/usr/local/texlive/2015/texmf-var/fonts/map/pdftex/updmap/pdftex.map}]

Package natbib Warning: Citation `Tatler:2007hk' on page 2 undefined on input l
ine 63.


Package natbib Warning: Citation `Parkhurst:2002vo' on page 2 undefined on inpu
t line 63.


Package natbib Warning: Citation `Birmingham:2009hl' on page 2 undefined on inp
ut line 63.


Package natbib Warning: Citation `Torralba:2006iq' on page 2 undefined on input
 line 63.


Package natbib Warning: Citation `Ehinger:2009ji' on page 2 undefined on input 
line 63.

[2]
<../scripts/heatmaps/SaccadicFlowMaps/Figures/BBias_11.pdf, id=13, 578.16pt x 4
33.62pt>
File: ../scripts/heatmaps/SaccadicFlowMaps/Figures/BBias_11.pdf Graphic file (t
ype pdf)
 <use ../scripts/heatmaps/SaccadicFlowMaps/Figures/BBias_11.pdf>
Package pdftex.def Info: ../scripts/heatmaps/SaccadicFlowMaps/Figures/BBias_11.
pdf used on input line 76.
(pdftex.def)             Requested size: 85.35826pt x 64.01463pt.

<../scripts/heatmaps/SaccadicFlowMaps/Figures/BBias_12.pdf, id=14, 578.16pt x 4
33.62pt>
File: ../scripts/heatmaps/SaccadicFlowMaps/Figures/BBias_12.pdf Graphic file (t
ype pdf)
 <use ../scripts/heatmaps/SaccadicFlowMaps/Figures/BBias_12.pdf>
Package pdftex.def Info: ../scripts/heatmaps/SaccadicFlowMaps/Figures/BBias_12.
pdf used on input line 77.
(pdftex.def)             Requested size: 85.35826pt x 64.01463pt.

<../scripts/heatmaps/SaccadicFlowMaps/Figures/BBias_13.pdf, id=15, 578.16pt x 4
33.62pt>
File: ../scripts/heatmaps/SaccadicFlowMaps/Figures/BBias_13.pdf Graphic file (t
ype pdf)
 <use ../scripts/heatmaps/SaccadicFlowMaps/Figures/BBias_13.pdf>
Package pdftex.def Info: ../scripts/heatmaps/SaccadicFlowMaps/Figures/BBias_13.
pdf used on input line 78.
(pdftex.def)             Requested size: 85.35826pt x 64.01463pt.

<../scripts/heatmaps/SaccadicFlowMaps/Figures/BBias_21.pdf, id=16, 578.16pt x 4
33.62pt>
File: ../scripts/heatmaps/SaccadicFlowMaps/Figures/BBias_21.pdf Graphic file (t
ype pdf)
 <use ../scripts/heatmaps/SaccadicFlowMaps/Figures/BBias_21.pdf>
Package pdftex.def Info: ../scripts/heatmaps/SaccadicFlowMaps/Figures/BBias_21.
pdf used on input line 79.
(pdftex.def)             Requested size: 85.35826pt x 64.01463pt.

<../scripts/heatmaps/SaccadicFlowMaps/Figures/BBias_22.pdf, id=17, 578.16pt x 4
33.62pt>
File: ../scripts/heatmaps/SaccadicFlowMaps/Figures/BBias_22.pdf Graphic file (t
ype pdf)
 <use ../scripts/heatmaps/SaccadicFlowMaps/Figures/BBias_22.pdf>
Package pdftex.def Info: ../scripts/heatmaps/SaccadicFlowMaps/Figures/BBias_22.
pdf used on input line 80.
(pdftex.def)             Requested size: 85.35826pt x 64.01463pt.

<../scripts/heatmaps/SaccadicFlowMaps/Figures/BBias_23.pdf, id=18, 578.16pt x 4
33.62pt>
File: ../scripts/heatmaps/SaccadicFlowMaps/Figures/BBias_23.pdf Graphic file (t
ype pdf)
 <use ../scripts/heatmaps/SaccadicFlowMaps/Figures/BBias_23.pdf>
Package pdftex.def Info: ../scripts/heatmaps/SaccadicFlowMaps/Figures/BBias_23.
pdf used on input line 81.
(pdftex.def)             Requested size: 85.35826pt x 64.01463pt.

<../scripts/heatmaps/SaccadicFlowMaps/Figures/BBias_31.pdf, id=19, 578.16pt x 4
33.62pt>
File: ../scripts/heatmaps/SaccadicFlowMaps/Figures/BBias_31.pdf Graphic file (t
ype pdf)
 <use ../scripts/heatmaps/SaccadicFlowMaps/Figures/BBias_31.pdf>
Package pdftex.def Info: ../scripts/heatmaps/SaccadicFlowMaps/Figures/BBias_31.
pdf used on input line 82.
(pdftex.def)             Requested size: 85.35826pt x 64.01463pt.

<../scripts/heatmaps/SaccadicFlowMaps/Figures/BBias_32.pdf, id=20, 578.16pt x 4
33.62pt>
File: ../scripts/heatmaps/SaccadicFlowMaps/Figures/BBias_32.pdf Graphic file (t
ype pdf)
 <use ../scripts/heatmaps/SaccadicFlowMaps/Figures/BBias_32.pdf>
Package pdftex.def Info: ../scripts/heatmaps/SaccadicFlowMaps/Figures/BBias_32.
pdf used on input line 83.
(pdftex.def)             Requested size: 85.35826pt x 64.01463pt.

<../scripts/heatmaps/SaccadicFlowMaps/Figures/BBias_33.pdf, id=21, 578.16pt x 4
33.62pt>
File: ../scripts/heatmaps/SaccadicFlowMaps/Figures/BBias_33.pdf Graphic file (t
ype pdf)
 <use ../scripts/heatmaps/SaccadicFlowMaps/Figures/BBias_33.pdf>
Package pdftex.def Info: ../scripts/heatmaps/SaccadicFlowMaps/Figures/BBias_33.
pdf used on input line 84.
(pdftex.def)             Requested size: 85.35826pt x 64.01463pt.

[3 <../scripts/heatmaps/SaccadicFlowMaps/Figures/BBias_11.pdf> <../scripts/heat
maps/SaccadicFlowMaps/Figures/BBias_12.pdf> <../scripts/heatmaps/SaccadicFlowMa
ps/Figures/BBias_13.pdf> <../scripts/heatmaps/SaccadicFlowMaps/Figures/BBias_21
.pdf> <../scripts/heatmaps/SaccadicFlowMaps/Figures/BBias_22.pdf> <../scripts/h
eatmaps/SaccadicFlowMaps/Figures/BBias_23.pdf> <../scripts/heatmaps/SaccadicFlo
wMaps/Figures/BBias_31.pdf> <../scripts/heatmaps/SaccadicFlowMaps/Figures/BBias
_32.pdf> <../scripts/heatmaps/SaccadicFlowMaps/Figures/BBias_33.pdf>]
Overfull \hbox (145.54314pt too wide) in paragraph at lines 112--128
 [][] 
 []


Overfull \hbox (117.25394pt too wide) in paragraph at lines 136--156
 [] 
 []

[4]
<../scripts/leftVright/graphs/leftrightbias.pdf, id=68, 289.08pt x 289.08pt>
File: ../scripts/leftVright/graphs/leftrightbias.pdf Graphic file (type pdf)

<use ../scripts/leftVright/graphs/leftrightbias.pdf>
Package pdftex.def Info: ../scripts/leftVright/graphs/leftrightbias.pdf used on
 input line 185.
(pdftex.def)             Requested size: 170.71652pt x 170.71451pt.

<../scripts/leftVright/graphs/updownbias.pdf, id=69, 289.08pt x 289.08pt>
File: ../scripts/leftVright/graphs/updownbias.pdf Graphic file (type pdf)

<use ../scripts/leftVright/graphs/updownbias.pdf>
Package pdftex.def Info: ../scripts/leftVright/graphs/updownbias.pdf used on in
put line 186.
(pdftex.def)             Requested size: 170.71652pt x 170.71451pt.
 [5]
<../scripts/leftVright/graphs/devRatio.pdf, id=74, 216.81pt x 216.81pt>
File: ../scripts/leftVright/graphs/devRatio.pdf Graphic file (type pdf)

<use ../scripts/leftVright/graphs/devRatio.pdf>
Package pdftex.def Info: ../scripts/leftVright/graphs/devRatio.pdf used on inpu
t line 200.
(pdftex.def)             Requested size: 116.65646pt x 116.65881pt.

<../scripts/leftVright/graphs/datasetComp.pdf, id=75, 433.62pt x 216.81pt>
File: ../scripts/leftVright/graphs/datasetComp.pdf Graphic file (type pdf)

<use ../scripts/leftVright/graphs/datasetComp.pdf>
Package pdftex.def Info: ../scripts/leftVright/graphs/datasetComp.pdf used on i
nput line 201.
(pdftex.def)             Requested size: 233.3125pt x 116.65881pt.
 [6 <../scripts/leftVright/graphs/leftrightbias.pdf> <../scripts/leftVright/gra
phs/updownbias.pdf> <../scripts/leftVright/graphs/devRatio.pdf> <../scripts/lef
tVright/graphs/datasetComp.pdf>]

LaTeX Warning: File `../scripts/flow/figs/NparamsChagingOverSpace_ALL.pdf' not 
found on input line 221.


! Package pdftex.def Error: File `../scripts/flow/figs/NparamsChagingOverSpace_
ALL.pdf' not found.

See the pdftex.def package documentation for explanation.
Type  H <return>  for immediate help.
 ...                                              
                                                  
l.221 ...low/figs/NparamsChagingOverSpace_ALL.pdf}
                                                  
Using draft setting for this image.
Try typing  <return>  to proceed.
If that doesn't work, type  X <return>  to quit.

LaTeX Font Info:    Try loading font information for T1+cmtl on input line 221.

(/usr/local/texlive/2015/texmf-dist/tex/latex/cmbright/t1cmtl.fd
File: t1cmtl.fd 2005/04/13 v8.1 (WaS)
)
Overfull \hbox (9.88582pt too wide) in paragraph at lines 221--222
 [][] 
 []

<../scripts/flow/figs/llh_ALL.pdf, id=102, 433.62pt x 289.08pt>
File: ../scripts/flow/figs/llh_ALL.pdf Graphic file (type pdf)

<use ../scripts/flow/figs/llh_ALL.pdf>
Package pdftex.def Info: ../scripts/flow/figs/llh_ALL.pdf used on input line 25
5.
(pdftex.def)             Requested size: 227.62204pt x 151.74721pt.
 [7] [8]
<../scripts/flow/figs/llh_crossDataset.pdf, id=113, 578.16pt x 289.08pt>
File: ../scripts/flow/figs/llh_crossDataset.pdf Graphic file (type pdf)

<use ../scripts/flow/figs/llh_crossDataset.pdf>
Package pdftex.def Info: ../scripts/flow/figs/llh_crossDataset.pdf used on inpu
t line 264.
(pdftex.def)             Requested size: 341.43306pt x 170.71451pt.
 [9 <../scripts/flow/figs/llh_ALL.pdf>]

LaTeX Warning: File `../scripts/flow/flowFigures/saccEndByX1Y4.pdf' not found o
n input line 291.


! Package pdftex.def Error: File `../scripts/flow/flowFigures/saccEndByX1Y4.pdf
' not found.

See the pdftex.def package documentation for explanation.
Type  H <return>  for immediate help.
 ...                                              
                                                  
l.291 ...ipts/flow/flowFigures/saccEndByX1Y4.pdf}}
                                                  
Using draft setting for this image.
Try typing  <return>  to proceed.
If that doesn't work, type  X <return>  to quit.


LaTeX Warning: File `../scripts/flow/flowFigures/saccEndByX2Y4.pdf' not found o
n input line 292.


! Package pdftex.def Error: File `../scripts/flow/flowFigures/saccEndByX2Y4.pdf
' not found.

See the pdftex.def package documentation for explanation.
Type  H <return>  for immediate help.
 ...                                              
                                                  
l.292 ...ipts/flow/flowFigures/saccEndByX2Y4.pdf}}
                                                  
Using draft setting for this image.
Try typing  <return>  to proceed.
If that doesn't work, type  X <return>  to quit.


LaTeX Warning: File `../scripts/flow/flowFigures/saccEndByX3Y4.pdf' not found o
n input line 293.


! Package pdftex.def Error: File `../scripts/flow/flowFigures/saccEndByX3Y4.pdf
' not found.

See the pdftex.def package documentation for explanation.
Type  H <return>  for immediate help.
 ...                                              
                                                  
l.293 ...ipts/flow/flowFigures/saccEndByX3Y4.pdf}}
                                                  
Using draft setting for this image.
Try typing  <return>  to proceed.
If that doesn't work, type  X <return>  to quit.


LaTeX Warning: File `../scripts/flow/flowFigures/saccEndByX4Y4.pdf' not found o
n input line 294.


! Package pdftex.def Error: File `../scripts/flow/flowFigures/saccEndByX4Y4.pdf
' not found.

See the pdftex.def package documentation for explanation.
Type  H <return>  for immediate help.
 ...                                              
                                                  
l.294 ...ipts/flow/flowFigures/saccEndByX4Y4.pdf}}
                                                  
Using draft setting for this image.
Try typing  <return>  to proceed.
If that doesn't work, type  X <return>  to quit.


LaTeX Warning: File `../scripts/flow/flowFigures/saccEndByX1Y3.pdf' not found o
n input line 295.


! Package pdftex.def Error: File `../scripts/flow/flowFigures/saccEndByX1Y3.pdf
' not found.

See the pdftex.def package documentation for explanation.
Type  H <return>  for immediate help.
 ...                                              
                                                  
l.295 ...ipts/flow/flowFigures/saccEndByX1Y3.pdf}}
                                                  
Using draft setting for this image.
Try typing  <return>  to proceed.
If that doesn't work, type  X <return>  to quit.


LaTeX Warning: File `../scripts/flow/flowFigures/saccEndByX2Y3.pdf' not found o
n input line 296.


! Package pdftex.def Error: File `../scripts/flow/flowFigures/saccEndByX2Y3.pdf
' not found.

See the pdftex.def package documentation for explanation.
Type  H <return>  for immediate help.
 ...                                              
                                                  
l.296 ...ipts/flow/flowFigures/saccEndByX2Y3.pdf}}
                                                  
Using draft setting for this image.
Try typing  <return>  to proceed.
If that doesn't work, type  X <return>  to quit.


LaTeX Warning: File `../scripts/flow/flowFigures/saccEndByX3Y3.pdf' not found o
n input line 297.


! Package pdftex.def Error: File `../scripts/flow/flowFigures/saccEndByX3Y3.pdf
' not found.

See the pdftex.def package documentation for explanation.
Type  H <return>  for immediate help.
 ...                                              
                                                  
l.297 ...ipts/flow/flowFigures/saccEndByX3Y3.pdf}}
                                                  
Using draft setting for this image.
Try typing  <return>  to proceed.
If that doesn't work, type  X <return>  to quit.


LaTeX Warning: File `../scripts/flow/flowFigures/saccEndByX4Y3.pdf' not found o
n input line 298.


! Package pdftex.def Error: File `../scripts/flow/flowFigures/saccEndByX4Y3.pdf
' not found.

See the pdftex.def package documentation for explanation.
Type  H <return>  for immediate help.
 ...                                              
                                                  
l.298 ...ipts/flow/flowFigures/saccEndByX4Y3.pdf}}
                                                  
Using draft setting for this image.
Try typing  <return>  to proceed.
If that doesn't work, type  X <return>  to quit.


LaTeX Warning: File `../scripts/flow/flowFigures/saccEndByX1Y2.pdf' not found o
n input line 299.


! Package pdftex.def Error: File `../scripts/flow/flowFigures/saccEndByX1Y2.pdf
' not found.

See the pdftex.def package documentation for explanation.
Type  H <return>  for immediate help.
 ...                                              
                                                  
l.299 ...ipts/flow/flowFigures/saccEndByX1Y2.pdf}}
                                                  
Using draft setting for this image.
Try typing  <return>  to proceed.
If that doesn't work, type  X <return>  to quit.


LaTeX Warning: File `../scripts/flow/flowFigures/saccEndByX2Y2.pdf' not found o
n input line 300.


! Package pdftex.def Error: File `../scripts/flow/flowFigures/saccEndByX2Y2.pdf
' not found.

See the pdftex.def package documentation for explanation.
Type  H <return>  for immediate help.
 ...                                              
                                                  
l.300 ...ipts/flow/flowFigures/saccEndByX2Y2.pdf}}
                                                  
Using draft setting for this image.
Try typing  <return>  to proceed.
If that doesn't work, type  X <return>  to quit.


LaTeX Warning: File `../scripts/flow/flowFigures/saccEndByX3Y2.pdf' not found o
n input line 301.


! Package pdftex.def Error: File `../scripts/flow/flowFigures/saccEndByX3Y2.pdf
' not found.

See the pdftex.def package documentation for explanation.
Type  H <return>  for immediate help.
 ...                                              
                                                  
l.301 ...ipts/flow/flowFigures/saccEndByX3Y2.pdf}}
                                                  
Using draft setting for this image.
Try typing  <return>  to proceed.
If that doesn't work, type  X <return>  to quit.


LaTeX Warning: File `../scripts/flow/flowFigures/saccEndByX4Y2.pdf' not found o
n input line 302.


! Package pdftex.def Error: File `../scripts/flow/flowFigures/saccEndByX4Y2.pdf
' not found.

See the pdftex.def package documentation for explanation.
Type  H <return>  for immediate help.
 ...                                              
                                                  
l.302 ...ipts/flow/flowFigures/saccEndByX4Y2.pdf}}
                                                  
Using draft setting for this image.
Try typing  <return>  to proceed.
If that doesn't work, type  X <return>  to quit.


LaTeX Warning: File `../scripts/flow/flowFigures/saccEndByX1Y1.pdf' not found o
n input line 303.


! Package pdftex.def Error: File `../scripts/flow/flowFigures/saccEndByX1Y1.pdf
' not found.

See the pdftex.def package documentation for explanation.
Type  H <return>  for immediate help.
 ...                                              
                                                  
l.303 ...ipts/flow/flowFigures/saccEndByX1Y1.pdf}}
                                                  
Using draft setting for this image.
Try typing  <return>  to proceed.
If that doesn't work, type  X <return>  to quit.


LaTeX Warning: File `../scripts/flow/flowFigures/saccEndByX2Y1.pdf' not found o
n input line 304.


! Package pdftex.def Error: File `../scripts/flow/flowFigures/saccEndByX2Y1.pdf
' not found.

See the pdftex.def package documentation for explanation.
Type  H <return>  for immediate help.
 ...                                              
                                                  
l.304 ...ipts/flow/flowFigures/saccEndByX2Y1.pdf}}
                                                  
Using draft setting for this image.
Try typing  <return>  to proceed.
If that doesn't work, type  X <return>  to quit.


LaTeX Warning: File `../scripts/flow/flowFigures/saccEndByX3Y1.pdf' not found o
n input line 305.


! Package pdftex.def Error: File `../scripts/flow/flowFigures/saccEndByX3Y1.pdf
' not found.

See the pdftex.def package documentation for explanation.
Type  H <return>  for immediate help.
 ...                                              
                                                  
l.305 ...ipts/flow/flowFigures/saccEndByX3Y1.pdf}}
                                                  
Using draft setting for this image.
Try typing  <return>  to proceed.
If that doesn't work, type  X <return>  to quit.


LaTeX Warning: File `../scripts/flow/flowFigures/saccEndByX4Y1.pdf' not found o
n input line 306.


! Package pdftex.def Error: File `../scripts/flow/flowFigures/saccEndByX4Y1.pdf
' not found.

See the pdftex.def package documentation for explanation.
Type  H <return>  for immediate help.
 ...                                              
                                                  
l.306 ...ipts/flow/flowFigures/saccEndByX4Y1.pdf}}
                                                  
Using draft setting for this image.
Try typing  <return>  to proceed.
If that doesn't work, type  X <return>  to quit.

[10 <../scripts/flow/figs/llh_crossDataset.pdf>] [11]
<figs/adjustedheatmaps.pdf, id=136, 1739.49875pt x 827.09pt>
File: figs/adjustedheatmaps.pdf Graphic file (type pdf)

<use figs/adjustedheatmaps.pdf>
Package pdftex.def Info: figs/adjustedheatmaps.pdf used on input line 328.
(pdftex.def)             Requested size: 360.0pt x 171.16995pt.
 [12 <./figs/adjustedheatmaps.pdf>]

Package natbib Warning: Citation `Stainer:2013ce' on page 13 undefined on input
 line 362.

(./saccadicBiases.bbl
LaTeX Font Info:    Font shape `T1/cmbr/m/it' in size <10> not available
(Font)              Font shape `T1/cmbr/m/sl' tried instead on input line 12.
 [13]
LaTeX Font Info:    Font shape `T1/cmtl/m/it' in size <10> not available
(Font)              Font shape `T1/cmtl/m/sl' tried instead on input line 17.

Underfull \hbox (badness 3396) in paragraph at lines 15--20
[]\T1/cmbr/m/n/10 A. Az-za-lini.  \T1/cmbr/m/sl/10 The R pack-age \T1/cmtl/m/sl
/10 sn\T1/cmbr/m/sl/10 : The skew-normal and skew-$\OML/cmbrm/m/it/10 t$ \T1/cm
br/m/sl/10 dis-tri-
 []


Underfull \hbox (badness 4634) in paragraph at lines 15--20
\T1/cmbr/m/sl/10 bu-tions (ver-sion 1.2-2)\T1/cmbr/m/n/10 .  Uni-ver-sità di Pa
dova, Italia, 2015.  URL
 []

)

Package natbib Warning: There were undefined citations.

[14] (./saccadicBiases.aux) ) 
Here is how much of TeX's memory you used:
 3975 strings out of 493089
 55551 string characters out of 6134842
 124367 words of memory out of 5000000
 7330 multiletter control sequences out of 15000+600000
 24517 words of font info for 71 fonts, out of 8000000 for 9000
 1141 hyphenation exceptions out of 8191
 41i,11n,35p,1505b,326s stack positions out of 5000i,500n,10000p,200000b,80000s
{/usr/local/texlive/2015/texmf-dist/fonts/enc/dvip
s/cm-super/cm-super-t1.enc}</usr/local/texlive/2015/texmf-dist/fonts/type1/publ
ic/hfbright/hfbr10.pfb></usr/local/texlive/2015/texmf-dist/fonts/type1/public/h
fbright/hfbr8.pfb></usr/local/texlive/2015/texmf-dist/fonts/type1/public/hfbrig
ht/hfbrbs10.pfb></usr/local/texlive/2015/texmf-dist/fonts/type1/public/hfbright
/hfbrmi10.pfb></usr/local/texlive/2015/texmf-dist/fonts/type1/public/hfbright/h
fbrmi8.pfb></usr/local/texlive/2015/texmf-dist/fonts/type1/public/hfbright/hfbr
sy10.pfb></usr/local/texlive/2015/texmf-dist/fonts/type1/public/hfbright/hfbrsy
8.pfb></usr/local/texlive/2015/texmf-dist/fonts/type1/public/cm-super/sfbbx10.p
fb></usr/local/texlive/2015/texmf-dist/fonts/type1/public/cm-super/sfbmo10.pfb>
</usr/local/texlive/2015/texmf-dist/fonts/type1/public/cm-super/sfbmr10.pfb></u
sr/local/texlive/2015/texmf-dist/fonts/type1/public/cm-super/sfbmr17.pfb></usr/
local/texlive/2015/texmf-dist/fonts/type1/public/cm-super/sfbmr9.pfb></usr/loca
l/texlive/2015/texmf-dist/fonts/type1/public/cm-super/sfbtl10.pfb></usr/local/t
exlive/2015/texmf-dist/fonts/type1/public/cm-super/sfbto10.pfb>
Output written on saccadicBiases.pdf (14 pages, 9307324 bytes).
PDF statistics:
 307 PDF objects out of 1000 (max. 8388607)
 189 compressed objects within 2 object streams
 0 named destinations out of 1000 (max. 500000)
 81 words of extra memory for PDF output out of 10000 (max. 10000000)

